
=== RAG QUALITY GATE ===
ΓöîΓöÇΓöÇΓöÇΓöÇΓöÇΓöÇΓöÇΓöÇΓöÇΓö¼ΓöÇΓöÇΓöÇΓöÇΓöÇΓö¼ΓöÇΓöÇΓöÇΓöÇΓöÇΓöÇΓöÇΓöÇΓöÇΓöÇΓöÇΓöÇΓöÇΓöÇΓöÇΓöÇΓöÇΓöÇΓö¼ΓöÇΓöÇΓöÇΓöÇΓöÇΓöÇΓöÇΓöÇΓö¼ΓöÇΓöÇΓöÇΓöÇΓöÇΓöÇΓöÇΓöÇΓö¼ΓöÇΓöÇΓöÇΓöÇΓöÇΓöÇΓöÇΓöÇΓöÇΓö¼ΓöÇΓöÇΓöÇΓöÇΓöÇΓöÇΓöÇΓö¼ΓöÇΓöÇΓöÇΓöÇΓöÇΓöÇΓöÇΓöÇΓöÇΓöÇΓö¼ΓöÇΓöÇΓöÇΓöÇΓöÇΓöÇΓöÇΓöÇΓöÇΓöÇΓö¼ΓöÇΓöÇΓöÇΓöÇΓöÇΓöÇΓö¼ΓöÇΓöÇΓöÇΓöÇΓöÇΓöÇΓöÇΓöÉ
Γöé (index) Γöé run Γöé query            Γöé pass   Γöé reason Γöé bullets Γöé cited Γöé srcCited Γöé unusedEv Γöé topK Γöé latMs Γöé
Γö£ΓöÇΓöÇΓöÇΓöÇΓöÇΓöÇΓöÇΓöÇΓöÇΓö╝ΓöÇΓöÇΓöÇΓöÇΓöÇΓö╝ΓöÇΓöÇΓöÇΓöÇΓöÇΓöÇΓöÇΓöÇΓöÇΓöÇΓöÇΓöÇΓöÇΓöÇΓöÇΓöÇΓöÇΓöÇΓö╝ΓöÇΓöÇΓöÇΓöÇΓöÇΓöÇΓöÇΓöÇΓö╝ΓöÇΓöÇΓöÇΓöÇΓöÇΓöÇΓöÇΓöÇΓö╝ΓöÇΓöÇΓöÇΓöÇΓöÇΓöÇΓöÇΓöÇΓöÇΓö╝ΓöÇΓöÇΓöÇΓöÇΓöÇΓöÇΓöÇΓö╝ΓöÇΓöÇΓöÇΓöÇΓöÇΓöÇΓöÇΓöÇΓöÇΓöÇΓö╝ΓöÇΓöÇΓöÇΓöÇΓöÇΓöÇΓöÇΓöÇΓöÇΓöÇΓö╝ΓöÇΓöÇΓöÇΓöÇΓöÇΓöÇΓö╝ΓöÇΓöÇΓöÇΓöÇΓöÇΓöÇΓöÇΓöñ
Γöé 0       Γöé 1   Γöé 'hi'             Γöé 'PASS' Γöé ''     Γöé 0       Γöé 'no'  Γöé 0        Γöé 0        Γöé 0    Γöé 204   Γöé
Γöé 1       Γöé 1   Γöé 'owner_deadline' Γöé 'PASS' Γöé ''     Γöé 4       Γöé 'yes' Γöé 2        Γöé 0        Γöé 16   Γöé 44449 Γöé
Γöé 2       Γöé 1   Γöé 'blockers'       Γöé 'PASS' Γöé ''     Γöé 3       Γöé 'yes' Γöé 2        Γöé 0        Γöé 16   Γöé 3590  Γöé
Γöé 3       Γöé 1   Γöé 'biggest_risk'   Γöé 'PASS' Γöé ''     Γöé 3       Γöé 'yes' Γöé 2        Γöé 0        Γöé 13   Γöé 7272  Γöé
Γöé 4       Γöé 1   Γöé 'roadmap'        Γöé 'PASS' Γöé ''     Γöé 2       Γöé 'yes' Γöé 2        Γöé 0        Γöé 2    Γöé 6561  Γöé
Γöé 5       Γöé 2   Γöé 'hi'             Γöé 'PASS' Γöé ''     Γöé 0       Γöé 'no'  Γöé 0        Γöé 0        Γöé 0    Γöé 17    Γöé
Γöé 6       Γöé 2   Γöé 'owner_deadline' Γöé 'PASS' Γöé ''     Γöé 3       Γöé 'yes' Γöé 1        Γöé 0        Γöé 16   Γöé 4900  Γöé
Γöé 7       Γöé 2   Γöé 'blockers'       Γöé 'PASS' Γöé ''     Γöé 3       Γöé 'yes' Γöé 2        Γöé 0        Γöé 16   Γöé 2960  Γöé
Γöé 8       Γöé 2   Γöé 'biggest_risk'   Γöé 'PASS' Γöé ''     Γöé 3       Γöé 'yes' Γöé 2        Γöé 0        Γöé 13   Γöé 5648  Γöé
Γöé 9       Γöé 2   Γöé 'roadmap'        Γöé 'PASS' Γöé ''     Γöé 2       Γöé 'yes' Γöé 2        Γöé 0        Γöé 2    Γöé 6288  Γöé
Γöé 10      Γöé 3   Γöé 'hi'             Γöé 'PASS' Γöé ''     Γöé 0       Γöé 'no'  Γöé 0        Γöé 0        Γöé 0    Γöé 15    Γöé
Γöé 11      Γöé 3   Γöé 'owner_deadline' Γöé 'PASS' Γöé ''     Γöé 4       Γöé 'yes' Γöé 2        Γöé 0        Γöé 16   Γöé 5378  Γöé
Γöé 12      Γöé 3   Γöé 'blockers'       Γöé 'PASS' Γöé ''     Γöé 1       Γöé 'yes' Γöé 1        Γöé 0        Γöé 16   Γöé 5847  Γöé
Γöé 13      Γöé 3   Γöé 'biggest_risk'   Γöé 'PASS' Γöé ''     Γöé 3       Γöé 'yes' Γöé 2        Γöé 0        Γöé 13   Γöé 8078  Γöé
Γöé 14      Γöé 3   Γöé 'roadmap'        Γöé 'PASS' Γöé ''     Γöé 2       Γöé 'yes' Γöé 2        Γöé 0        Γöé 2    Γöé 10830 Γöé
Γöé 15      Γöé 4   Γöé 'hi'             Γöé 'PASS' Γöé ''     Γöé 0       Γöé 'no'  Γöé 0        Γöé 0        Γöé 0    Γöé 23    Γöé
Γöé 16      Γöé 4   Γöé 'owner_deadline' Γöé 'PASS' Γöé ''     Γöé 4       Γöé 'yes' Γöé 2        Γöé 0        Γöé 16   Γöé 5798  Γöé
Γöé 17      Γöé 4   Γöé 'blockers'       Γöé 'PASS' Γöé ''     Γöé 3       Γöé 'yes' Γöé 2        Γöé 0        Γöé 16   Γöé 4668  Γöé
Γöé 18      Γöé 4   Γöé 'biggest_risk'   Γöé 'PASS' Γöé ''     Γöé 3       Γöé 'yes' Γöé 2        Γöé 0        Γöé 13   Γöé 7005  Γöé
Γöé 19      Γöé 4   Γöé 'roadmap'        Γöé 'PASS' Γöé ''     Γöé 2       Γöé 'yes' Γöé 2        Γöé 0        Γöé 2    Γöé 7553  Γöé
Γöé 20      Γöé 5   Γöé 'hi'             Γöé 'PASS' Γöé ''     Γöé 0       Γöé 'no'  Γöé 0        Γöé 0        Γöé 0    Γöé 15    Γöé
Γöé 21      Γöé 5   Γöé 'owner_deadline' Γöé 'PASS' Γöé ''     Γöé 4       Γöé 'yes' Γöé 2        Γöé 0        Γöé 16   Γöé 4319  Γöé
Γöé 22      Γöé 5   Γöé 'blockers'       Γöé 'PASS' Γöé ''     Γöé 2       Γöé 'yes' Γöé 1        Γöé 0        Γöé 16   Γöé 6716  Γöé
Γöé 23      Γöé 5   Γöé 'biggest_risk'   Γöé 'PASS' Γöé ''     Γöé 3       Γöé 'yes' Γöé 2        Γöé 0        Γöé 13   Γöé 9748  Γöé
Γöé 24      Γöé 5   Γöé 'roadmap'        Γöé 'PASS' Γöé ''     Γöé 2       Γöé 'yes' Γöé 2        Γöé 0        Γöé 2    Γöé 9247  Γöé
Γöé 25      Γöé 6   Γöé 'hi'             Γöé 'PASS' Γöé ''     Γöé 0       Γöé 'no'  Γöé 0        Γöé 0        Γöé 0    Γöé 16    Γöé
Γöé 26      Γöé 6   Γöé 'owner_deadline' Γöé 'PASS' Γöé ''     Γöé 3       Γöé 'yes' Γöé 1        Γöé 0        Γöé 16   Γöé 8837  Γöé
Γöé 27      Γöé 6   Γöé 'blockers'       Γöé 'PASS' Γöé ''     Γöé 1       Γöé 'yes' Γöé 1        Γöé 0        Γöé 16   Γöé 3966  Γöé
Γöé 28      Γöé 6   Γöé 'biggest_risk'   Γöé 'PASS' Γöé ''     Γöé 3       Γöé 'yes' Γöé 2        Γöé 0        Γöé 13   Γöé 6507  Γöé
Γöé 29      Γöé 6   Γöé 'roadmap'        Γöé 'PASS' Γöé ''     Γöé 2       Γöé 'yes' Γöé 2        Γöé 0        Γöé 2    Γöé 7514  Γöé
Γöé 30      Γöé 7   Γöé 'hi'             Γöé 'PASS' Γöé ''     Γöé 0       Γöé 'no'  Γöé 0        Γöé 0        Γöé 0    Γöé 17    Γöé
Γöé 31      Γöé 7   Γöé 'owner_deadline' Γöé 'PASS' Γöé ''     Γöé 4       Γöé 'yes' Γöé 2        Γöé 0        Γöé 16   Γöé 4987  Γöé
Γöé 32      Γöé 7   Γöé 'blockers'       Γöé 'PASS' Γöé ''     Γöé 3       Γöé 'yes' Γöé 2        Γöé 0        Γöé 16   Γöé 7497  Γöé
Γöé 33      Γöé 7   Γöé 'biggest_risk'   Γöé 'PASS' Γöé ''     Γöé 3       Γöé 'yes' Γöé 2        Γöé 0        Γöé 13   Γöé 5516  Γöé
Γöé 34      Γöé 7   Γöé 'roadmap'        Γöé 'PASS' Γöé ''     Γöé 2       Γöé 'yes' Γöé 2        Γöé 0        Γöé 2    Γöé 6088  Γöé
Γöé 35      Γöé 8   Γöé 'hi'             Γöé 'PASS' Γöé ''     Γöé 0       Γöé 'no'  Γöé 0        Γöé 0        Γöé 0    Γöé 16    Γöé
Γöé 36      Γöé 8   Γöé 'owner_deadline' Γöé 'PASS' Γöé ''     Γöé 4       Γöé 'yes' Γöé 2        Γöé 0        Γöé 16   Γöé 4218  Γöé
Γöé 37      Γöé 8   Γöé 'blockers'       Γöé 'PASS' Γöé ''     Γöé 2       Γöé 'yes' Γöé 1        Γöé 0        Γöé 16   Γöé 5704  Γöé
Γöé 38      Γöé 8   Γöé 'biggest_risk'   Γöé 'PASS' Γöé ''     Γöé 3       Γöé 'yes' Γöé 2        Γöé 0        Γöé 13   Γöé 5752  Γöé
Γöé 39      Γöé 8   Γöé 'roadmap'        Γöé 'PASS' Γöé ''     Γöé 2       Γöé 'yes' Γöé 2        Γöé 0        Γöé 2    Γöé 11532 Γöé
Γöé 40      Γöé 9   Γöé 'hi'             Γöé 'PASS' Γöé ''     Γöé 0       Γöé 'no'  Γöé 0        Γöé 0        Γöé 0    Γöé 15    Γöé
Γöé 41      Γöé 9   Γöé 'owner_deadline' Γöé 'PASS' Γöé ''     Γöé 3       Γöé 'yes' Γöé 1        Γöé 0        Γöé 16   Γöé 7236  Γöé
Γöé 42      Γöé 9   Γöé 'blockers'       Γöé 'PASS' Γöé ''     Γöé 1       Γöé 'yes' Γöé 1        Γöé 0        Γöé 16   Γöé 4726  Γöé
Γöé 43      Γöé 9   Γöé 'biggest_risk'   Γöé 'PASS' Γöé ''     Γöé 3       Γöé 'yes' Γöé 2        Γöé 0        Γöé 13   Γöé 7743  Γöé
Γöé 44      Γöé 9   Γöé 'roadmap'        Γöé 'PASS' Γöé ''     Γöé 2       Γöé 'yes' Γöé 2        Γöé 0        Γöé 2    Γöé 6826  Γöé
Γöé 45      Γöé 10  Γöé 'hi'             Γöé 'PASS' Γöé ''     Γöé 0       Γöé 'no'  Γöé 0        Γöé 0        Γöé 0    Γöé 21    Γöé
Γöé 46      Γöé 10  Γöé 'owner_deadline' Γöé 'PASS' Γöé ''     Γöé 3       Γöé 'yes' Γöé 1        Γöé 0        Γöé 16   Γöé 4463  Γöé
Γöé 47      Γöé 10  Γöé 'blockers'       Γöé 'PASS' Γöé ''     Γöé 3       Γöé 'yes' Γöé 2        Γöé 0        Γöé 16   Γöé 4100  Γöé
Γöé 48      Γöé 10  Γöé 'biggest_risk'   Γöé 'PASS' Γöé ''     Γöé 3       Γöé 'yes' Γöé 2        Γöé 0        Γöé 13   Γöé 6095  Γöé
Γöé 49      Γöé 10  Γöé 'roadmap'        Γöé 'PASS' Γöé ''     Γöé 2       Γöé 'yes' Γöé 2        Γöé 0        Γöé 2    Γöé 9636  Γöé
ΓööΓöÇΓöÇΓöÇΓöÇΓöÇΓöÇΓöÇΓöÇΓöÇΓö┤ΓöÇΓöÇΓöÇΓöÇΓöÇΓö┤ΓöÇΓöÇΓöÇΓöÇΓöÇΓöÇΓöÇΓöÇΓöÇΓöÇΓöÇΓöÇΓöÇΓöÇΓöÇΓöÇΓöÇΓöÇΓö┤ΓöÇΓöÇΓöÇΓöÇΓöÇΓöÇΓöÇΓöÇΓö┤ΓöÇΓöÇΓöÇΓöÇΓöÇΓöÇΓöÇΓöÇΓö┤ΓöÇΓöÇΓöÇΓöÇΓöÇΓöÇΓöÇΓöÇΓöÇΓö┤ΓöÇΓöÇΓöÇΓöÇΓöÇΓöÇΓöÇΓö┤ΓöÇΓöÇΓöÇΓöÇΓöÇΓöÇΓöÇΓöÇΓöÇΓöÇΓö┤ΓöÇΓöÇΓöÇΓöÇΓöÇΓöÇΓöÇΓöÇΓöÇΓöÇΓö┤ΓöÇΓöÇΓöÇΓöÇΓöÇΓöÇΓö┤ΓöÇΓöÇΓöÇΓöÇΓöÇΓöÇΓöÇΓöÿ

=== RETRIEVAL + EVIDENCE DIAGNOSTICS ===
ΓöîΓöÇΓöÇΓöÇΓöÇΓöÇΓöÇΓöÇΓöÇΓöÇΓö¼ΓöÇΓöÇΓöÇΓöÇΓöÇΓöÇΓöÇΓöÇΓöÇΓöÇΓöÇΓöÇΓöÇΓöÇΓöÇΓöÇΓöÇΓöÇΓö¼ΓöÇΓöÇΓöÇΓöÇΓöÇΓöÇΓöÇΓöÇΓö¼ΓöÇΓöÇΓöÇΓöÇΓöÇΓöÇΓöÇΓö¼ΓöÇΓöÇΓöÇΓöÇΓöÇΓöÇΓöÇΓö¼ΓöÇΓöÇΓöÇΓöÇΓöÇΓöÇΓöÇΓö¼ΓöÇΓöÇΓöÇΓöÇΓöÇΓöÇΓöÇΓö¼ΓöÇΓöÇΓöÇΓöÇΓöÇΓöÇΓö¼ΓöÇΓöÇΓöÇΓöÇΓöÇΓöÇΓöÇΓöÇΓöÇΓö¼ΓöÇΓöÇΓöÇΓöÇΓöÇΓöÇΓöÇΓöÇΓöÇΓö¼ΓöÇΓöÇΓöÇΓöÇΓöÇΓöÇΓöÇΓöÇΓö¼ΓöÇΓöÇΓöÇΓöÇΓöÇΓöÇΓöÇΓö¼ΓöÇΓöÇΓöÇΓöÇΓöÇΓöÇΓöÇΓö¼ΓöÇΓöÇΓöÇΓöÇΓöÇΓöÇΓöÇΓöÇΓöÉ
Γöé (index) Γöé query            Γöé intent Γöé retMs Γöé genMs Γöé totMs Γöé cands Γöé topK Γöé srcRetr Γöé srcCite Γöé evKeys Γöé sects Γöé facts Γöé fallbk Γöé
Γö£ΓöÇΓöÇΓöÇΓöÇΓöÇΓöÇΓöÇΓöÇΓöÇΓö╝ΓöÇΓöÇΓöÇΓöÇΓöÇΓöÇΓöÇΓöÇΓöÇΓöÇΓöÇΓöÇΓöÇΓöÇΓöÇΓöÇΓöÇΓöÇΓö╝ΓöÇΓöÇΓöÇΓöÇΓöÇΓöÇΓöÇΓöÇΓö╝ΓöÇΓöÇΓöÇΓöÇΓöÇΓöÇΓöÇΓö╝ΓöÇΓöÇΓöÇΓöÇΓöÇΓöÇΓöÇΓö╝ΓöÇΓöÇΓöÇΓöÇΓöÇΓöÇΓöÇΓö╝ΓöÇΓöÇΓöÇΓöÇΓöÇΓöÇΓöÇΓö╝ΓöÇΓöÇΓöÇΓöÇΓöÇΓöÇΓö╝ΓöÇΓöÇΓöÇΓöÇΓöÇΓöÇΓöÇΓöÇΓöÇΓö╝ΓöÇΓöÇΓöÇΓöÇΓöÇΓöÇΓöÇΓöÇΓöÇΓö╝ΓöÇΓöÇΓöÇΓöÇΓöÇΓöÇΓöÇΓöÇΓö╝ΓöÇΓöÇΓöÇΓöÇΓöÇΓöÇΓöÇΓö╝ΓöÇΓöÇΓöÇΓöÇΓöÇΓöÇΓöÇΓö╝ΓöÇΓöÇΓöÇΓöÇΓöÇΓöÇΓöÇΓöÇΓöñ
Γöé 0       Γöé 'hi'             Γöé '-'    Γöé 0     Γöé 0     Γöé 204   Γöé 0     Γöé 0    Γöé 0       Γöé 0       Γöé 0      Γöé 0     Γöé 0     Γöé ''     Γöé
Γöé 1       Γöé 'owner_deadline' Γöé '-'    Γöé 0     Γöé 0     Γöé 44449 Γöé 0     Γöé 16   Γöé 0       Γöé 2       Γöé 2      Γöé 0     Γöé 0     Γöé ''     Γöé
Γöé 2       Γöé 'blockers'       Γöé '-'    Γöé 0     Γöé 0     Γöé 3590  Γöé 0     Γöé 16   Γöé 0       Γöé 2       Γöé 2      Γöé 0     Γöé 0     Γöé ''     Γöé
Γöé 3       Γöé 'biggest_risk'   Γöé '-'    Γöé 0     Γöé 0     Γöé 7272  Γöé 0     Γöé 13   Γöé 0       Γöé 2       Γöé 2      Γöé 1     Γöé 1     Γöé ''     Γöé
Γöé 4       Γöé 'roadmap'        Γöé '-'    Γöé 0     Γöé 0     Γöé 6561  Γöé 0     Γöé 2    Γöé 0       Γöé 2       Γöé 1      Γöé 0     Γöé 0     Γöé ''     Γöé
Γöé 5       Γöé 'hi'             Γöé '-'    Γöé 0     Γöé 0     Γöé 17    Γöé 0     Γöé 0    Γöé 0       Γöé 0       Γöé 0      Γöé 0     Γöé 0     Γöé ''     Γöé
Γöé 6       Γöé 'owner_deadline' Γöé '-'    Γöé 0     Γöé 0     Γöé 4900  Γöé 0     Γöé 16   Γöé 0       Γöé 1       Γöé 1      Γöé 0     Γöé 0     Γöé ''     Γöé
Γöé 7       Γöé 'blockers'       Γöé '-'    Γöé 0     Γöé 0     Γöé 2960  Γöé 0     Γöé 16   Γöé 0       Γöé 2       Γöé 2      Γöé 0     Γöé 0     Γöé ''     Γöé
Γöé 8       Γöé 'biggest_risk'   Γöé '-'    Γöé 0     Γöé 0     Γöé 5648  Γöé 0     Γöé 13   Γöé 0       Γöé 2       Γöé 2      Γöé 1     Γöé 1     Γöé ''     Γöé
Γöé 9       Γöé 'roadmap'        Γöé '-'    Γöé 0     Γöé 0     Γöé 6288  Γöé 0     Γöé 2    Γöé 0       Γöé 2       Γöé 1      Γöé 0     Γöé 0     Γöé ''     Γöé
Γöé 10      Γöé 'hi'             Γöé '-'    Γöé 0     Γöé 0     Γöé 15    Γöé 0     Γöé 0    Γöé 0       Γöé 0       Γöé 0      Γöé 0     Γöé 0     Γöé ''     Γöé
Γöé 11      Γöé 'owner_deadline' Γöé '-'    Γöé 0     Γöé 0     Γöé 5378  Γöé 0     Γöé 16   Γöé 0       Γöé 2       Γöé 2      Γöé 0     Γöé 0     Γöé ''     Γöé
Γöé 12      Γöé 'blockers'       Γöé '-'    Γöé 0     Γöé 0     Γöé 5847  Γöé 0     Γöé 16   Γöé 0       Γöé 1       Γöé 1      Γöé 0     Γöé 0     Γöé ''     Γöé
Γöé 13      Γöé 'biggest_risk'   Γöé '-'    Γöé 0     Γöé 0     Γöé 8078  Γöé 0     Γöé 13   Γöé 0       Γöé 2       Γöé 2      Γöé 1     Γöé 1     Γöé ''     Γöé
Γöé 14      Γöé 'roadmap'        Γöé '-'    Γöé 0     Γöé 0     Γöé 10830 Γöé 0     Γöé 2    Γöé 0       Γöé 2       Γöé 1      Γöé 0     Γöé 0     Γöé ''     Γöé
Γöé 15      Γöé 'hi'             Γöé '-'    Γöé 0     Γöé 0     Γöé 23    Γöé 0     Γöé 0    Γöé 0       Γöé 0       Γöé 0      Γöé 0     Γöé 0     Γöé ''     Γöé
Γöé 16      Γöé 'owner_deadline' Γöé '-'    Γöé 0     Γöé 0     Γöé 5798  Γöé 0     Γöé 16   Γöé 0       Γöé 2       Γöé 2      Γöé 0     Γöé 0     Γöé ''     Γöé
Γöé 17      Γöé 'blockers'       Γöé '-'    Γöé 0     Γöé 0     Γöé 4668  Γöé 0     Γöé 16   Γöé 0       Γöé 2       Γöé 2      Γöé 0     Γöé 0     Γöé ''     Γöé
Γöé 18      Γöé 'biggest_risk'   Γöé '-'    Γöé 0     Γöé 0     Γöé 7005  Γöé 0     Γöé 13   Γöé 0       Γöé 2       Γöé 2      Γöé 1     Γöé 1     Γöé ''     Γöé
Γöé 19      Γöé 'roadmap'        Γöé '-'    Γöé 0     Γöé 0     Γöé 7553  Γöé 0     Γöé 2    Γöé 0       Γöé 2       Γöé 1      Γöé 0     Γöé 0     Γöé ''     Γöé
Γöé 20      Γöé 'hi'             Γöé '-'    Γöé 0     Γöé 0     Γöé 15    Γöé 0     Γöé 0    Γöé 0       Γöé 0       Γöé 0      Γöé 0     Γöé 0     Γöé ''     Γöé
Γöé 21      Γöé 'owner_deadline' Γöé '-'    Γöé 0     Γöé 0     Γöé 4319  Γöé 0     Γöé 16   Γöé 0       Γöé 2       Γöé 2      Γöé 0     Γöé 0     Γöé ''     Γöé
Γöé 22      Γöé 'blockers'       Γöé '-'    Γöé 0     Γöé 0     Γöé 6716  Γöé 0     Γöé 16   Γöé 0       Γöé 1       Γöé 1      Γöé 0     Γöé 0     Γöé ''     Γöé
Γöé 23      Γöé 'biggest_risk'   Γöé '-'    Γöé 0     Γöé 0     Γöé 9748  Γöé 0     Γöé 13   Γöé 0       Γöé 2       Γöé 2      Γöé 1     Γöé 1     Γöé ''     Γöé
Γöé 24      Γöé 'roadmap'        Γöé '-'    Γöé 0     Γöé 0     Γöé 9247  Γöé 0     Γöé 2    Γöé 0       Γöé 2       Γöé 1      Γöé 0     Γöé 0     Γöé ''     Γöé
Γöé 25      Γöé 'hi'             Γöé '-'    Γöé 0     Γöé 0     Γöé 16    Γöé 0     Γöé 0    Γöé 0       Γöé 0       Γöé 0      Γöé 0     Γöé 0     Γöé ''     Γöé
Γöé 26      Γöé 'owner_deadline' Γöé '-'    Γöé 0     Γöé 0     Γöé 8837  Γöé 0     Γöé 16   Γöé 0       Γöé 1       Γöé 1      Γöé 0     Γöé 0     Γöé ''     Γöé
Γöé 27      Γöé 'blockers'       Γöé '-'    Γöé 0     Γöé 0     Γöé 3966  Γöé 0     Γöé 16   Γöé 0       Γöé 1       Γöé 1      Γöé 0     Γöé 0     Γöé ''     Γöé
Γöé 28      Γöé 'biggest_risk'   Γöé '-'    Γöé 0     Γöé 0     Γöé 6507  Γöé 0     Γöé 13   Γöé 0       Γöé 2       Γöé 2      Γöé 1     Γöé 1     Γöé ''     Γöé
Γöé 29      Γöé 'roadmap'        Γöé '-'    Γöé 0     Γöé 0     Γöé 7514  Γöé 0     Γöé 2    Γöé 0       Γöé 2       Γöé 1      Γöé 0     Γöé 0     Γöé ''     Γöé
Γöé 30      Γöé 'hi'             Γöé '-'    Γöé 0     Γöé 0     Γöé 17    Γöé 0     Γöé 0    Γöé 0       Γöé 0       Γöé 0      Γöé 0     Γöé 0     Γöé ''     Γöé
Γöé 31      Γöé 'owner_deadline' Γöé '-'    Γöé 0     Γöé 0     Γöé 4987  Γöé 0     Γöé 16   Γöé 0       Γöé 2       Γöé 2      Γöé 0     Γöé 0     Γöé ''     Γöé
Γöé 32      Γöé 'blockers'       Γöé '-'    Γöé 0     Γöé 0     Γöé 7497  Γöé 0     Γöé 16   Γöé 0       Γöé 2       Γöé 2      Γöé 0     Γöé 0     Γöé ''     Γöé
Γöé 33      Γöé 'biggest_risk'   Γöé '-'    Γöé 0     Γöé 0     Γöé 5516  Γöé 0     Γöé 13   Γöé 0       Γöé 2       Γöé 2      Γöé 1     Γöé 1     Γöé ''     Γöé
Γöé 34      Γöé 'roadmap'        Γöé '-'    Γöé 0     Γöé 0     Γöé 6088  Γöé 0     Γöé 2    Γöé 0       Γöé 2       Γöé 1      Γöé 0     Γöé 0     Γöé ''     Γöé
Γöé 35      Γöé 'hi'             Γöé '-'    Γöé 0     Γöé 0     Γöé 16    Γöé 0     Γöé 0    Γöé 0       Γöé 0       Γöé 0      Γöé 0     Γöé 0     Γöé ''     Γöé
Γöé 36      Γöé 'owner_deadline' Γöé '-'    Γöé 0     Γöé 0     Γöé 4218  Γöé 0     Γöé 16   Γöé 0       Γöé 2       Γöé 2      Γöé 0     Γöé 0     Γöé ''     Γöé
Γöé 37      Γöé 'blockers'       Γöé '-'    Γöé 0     Γöé 0     Γöé 5704  Γöé 0     Γöé 16   Γöé 0       Γöé 1       Γöé 1      Γöé 0     Γöé 0     Γöé ''     Γöé
Γöé 38      Γöé 'biggest_risk'   Γöé '-'    Γöé 0     Γöé 0     Γöé 5752  Γöé 0     Γöé 13   Γöé 0       Γöé 2       Γöé 2      Γöé 1     Γöé 1     Γöé ''     Γöé
Γöé 39      Γöé 'roadmap'        Γöé '-'    Γöé 0     Γöé 0     Γöé 11532 Γöé 0     Γöé 2    Γöé 0       Γöé 2       Γöé 1      Γöé 0     Γöé 0     Γöé ''     Γöé
Γöé 40      Γöé 'hi'             Γöé '-'    Γöé 0     Γöé 0     Γöé 15    Γöé 0     Γöé 0    Γöé 0       Γöé 0       Γöé 0      Γöé 0     Γöé 0     Γöé ''     Γöé
Γöé 41      Γöé 'owner_deadline' Γöé '-'    Γöé 0     Γöé 0     Γöé 7236  Γöé 0     Γöé 16   Γöé 0       Γöé 1       Γöé 1      Γöé 0     Γöé 0     Γöé ''     Γöé
Γöé 42      Γöé 'blockers'       Γöé '-'    Γöé 0     Γöé 0     Γöé 4726  Γöé 0     Γöé 16   Γöé 0       Γöé 1       Γöé 1      Γöé 0     Γöé 0     Γöé ''     Γöé
Γöé 43      Γöé 'biggest_risk'   Γöé '-'    Γöé 0     Γöé 0     Γöé 7743  Γöé 0     Γöé 13   Γöé 0       Γöé 2       Γöé 2      Γöé 1     Γöé 1     Γöé ''     Γöé
Γöé 44      Γöé 'roadmap'        Γöé '-'    Γöé 0     Γöé 0     Γöé 6826  Γöé 0     Γöé 2    Γöé 0       Γöé 2       Γöé 1      Γöé 0     Γöé 0     Γöé ''     Γöé
Γöé 45      Γöé 'hi'             Γöé '-'    Γöé 0     Γöé 0     Γöé 21    Γöé 0     Γöé 0    Γöé 0       Γöé 0       Γöé 0      Γöé 0     Γöé 0     Γöé ''     Γöé
Γöé 46      Γöé 'owner_deadline' Γöé '-'    Γöé 0     Γöé 0     Γöé 4463  Γöé 0     Γöé 16   Γöé 0       Γöé 1       Γöé 1      Γöé 0     Γöé 0     Γöé ''     Γöé
Γöé 47      Γöé 'blockers'       Γöé '-'    Γöé 0     Γöé 0     Γöé 4100  Γöé 0     Γöé 16   Γöé 0       Γöé 2       Γöé 2      Γöé 0     Γöé 0     Γöé ''     Γöé
Γöé 48      Γöé 'biggest_risk'   Γöé '-'    Γöé 0     Γöé 0     Γöé 6095  Γöé 0     Γöé 13   Γöé 0       Γöé 2       Γöé 2      Γöé 1     Γöé 1     Γöé ''     Γöé
Γöé 49      Γöé 'roadmap'        Γöé '-'    Γöé 0     Γöé 0     Γöé 9636  Γöé 0     Γöé 2    Γöé 0       Γöé 2       Γöé 1      Γöé 0     Γöé 0     Γöé ''     Γöé
ΓööΓöÇΓöÇΓöÇΓöÇΓöÇΓöÇΓöÇΓöÇΓöÇΓö┤ΓöÇΓöÇΓöÇΓöÇΓöÇΓöÇΓöÇΓöÇΓöÇΓöÇΓöÇΓöÇΓöÇΓöÇΓöÇΓöÇΓöÇΓöÇΓö┤ΓöÇΓöÇΓöÇΓöÇΓöÇΓöÇΓöÇΓöÇΓö┤ΓöÇΓöÇΓöÇΓöÇΓöÇΓöÇΓöÇΓö┤ΓöÇΓöÇΓöÇΓöÇΓöÇΓöÇΓöÇΓö┤ΓöÇΓöÇΓöÇΓöÇΓöÇΓöÇΓöÇΓö┤ΓöÇΓöÇΓöÇΓöÇΓöÇΓöÇΓöÇΓö┤ΓöÇΓöÇΓöÇΓöÇΓöÇΓöÇΓö┤ΓöÇΓöÇΓöÇΓöÇΓöÇΓöÇΓöÇΓöÇΓöÇΓö┤ΓöÇΓöÇΓöÇΓöÇΓöÇΓöÇΓöÇΓöÇΓöÇΓö┤ΓöÇΓöÇΓöÇΓöÇΓöÇΓöÇΓöÇΓöÇΓö┤ΓöÇΓöÇΓöÇΓöÇΓöÇΓöÇΓöÇΓö┤ΓöÇΓöÇΓöÇΓöÇΓöÇΓöÇΓöÇΓö┤ΓöÇΓöÇΓöÇΓöÇΓöÇΓöÇΓöÇΓöÇΓöÿ

Summary: 50/50 passed | elapsed=447900ms
Report written: C:\Users\Lenovo\AppData\Local\Temp\rag_quality\rag_quality_report.json
Per-query artifacts: C:\Users\Lenovo\AppData\Local\Temp\rag_quality\rag_quality_runs/
