
=== RAG QUALITY GATE ===
ΓöîΓöÇΓöÇΓöÇΓöÇΓöÇΓöÇΓöÇΓöÇΓöÇΓö¼ΓöÇΓöÇΓöÇΓöÇΓöÇΓö¼ΓöÇΓöÇΓöÇΓöÇΓöÇΓöÇΓöÇΓöÇΓöÇΓöÇΓöÇΓöÇΓöÇΓöÇΓöÇΓöÇΓöÇΓöÇΓö¼ΓöÇΓöÇΓöÇΓöÇΓöÇΓöÇΓöÇΓöÇΓö¼ΓöÇΓöÇΓöÇΓöÇΓöÇΓöÇΓöÇΓöÇΓöÇΓöÇΓöÇΓöÇΓöÇΓöÇΓöÇΓöÇΓöÇΓöÇΓöÇΓöÇΓöÇΓöÇΓöÇΓöÇΓöÇΓöÇΓöÇΓöÇΓöÇΓö¼ΓöÇΓöÇΓöÇΓöÇΓöÇΓöÇΓöÇΓöÇΓöÇΓö¼ΓöÇΓöÇΓöÇΓöÇΓöÇΓöÇΓöÇΓö¼ΓöÇΓöÇΓöÇΓöÇΓöÇΓöÇΓöÇΓöÇΓöÇΓöÇΓö¼ΓöÇΓöÇΓöÇΓöÇΓöÇΓöÇΓöÇΓöÇΓöÇΓöÇΓö¼ΓöÇΓöÇΓöÇΓöÇΓöÇΓöÇΓö¼ΓöÇΓöÇΓöÇΓöÇΓöÇΓöÇΓöÇΓöÉ
Γöé (index) Γöé run Γöé query            Γöé pass   Γöé reason                      Γöé bullets Γöé cited Γöé srcCited Γöé unusedEv Γöé topK Γöé latMs Γöé
Γö£ΓöÇΓöÇΓöÇΓöÇΓöÇΓöÇΓöÇΓöÇΓöÇΓö╝ΓöÇΓöÇΓöÇΓöÇΓöÇΓö╝ΓöÇΓöÇΓöÇΓöÇΓöÇΓöÇΓöÇΓöÇΓöÇΓöÇΓöÇΓöÇΓöÇΓöÇΓöÇΓöÇΓöÇΓöÇΓö╝ΓöÇΓöÇΓöÇΓöÇΓöÇΓöÇΓöÇΓöÇΓö╝ΓöÇΓöÇΓöÇΓöÇΓöÇΓöÇΓöÇΓöÇΓöÇΓöÇΓöÇΓöÇΓöÇΓöÇΓöÇΓöÇΓöÇΓöÇΓöÇΓöÇΓöÇΓöÇΓöÇΓöÇΓöÇΓöÇΓöÇΓöÇΓöÇΓö╝ΓöÇΓöÇΓöÇΓöÇΓöÇΓöÇΓöÇΓöÇΓöÇΓö╝ΓöÇΓöÇΓöÇΓöÇΓöÇΓöÇΓöÇΓö╝ΓöÇΓöÇΓöÇΓöÇΓöÇΓöÇΓöÇΓöÇΓöÇΓöÇΓö╝ΓöÇΓöÇΓöÇΓöÇΓöÇΓöÇΓöÇΓöÇΓöÇΓöÇΓö╝ΓöÇΓöÇΓöÇΓöÇΓöÇΓöÇΓö╝ΓöÇΓöÇΓöÇΓöÇΓöÇΓöÇΓöÇΓöñ
Γöé 0       Γöé 1   Γöé 'hi'             Γöé 'PASS' Γöé ''                          Γöé 0       Γöé 'no'  Γöé 0        Γöé 0        Γöé 0    Γöé 70    Γöé
Γöé 1       Γöé 1   Γöé 'owner_deadline' Γöé 'PASS' Γöé ''                          Γöé 4       Γöé 'yes' Γöé 2        Γöé 0        Γöé 16   Γöé 43655 Γöé
Γöé 2       Γöé 1   Γöé 'blockers'       Γöé 'PASS' Γöé ''                          Γöé 3       Γöé 'yes' Γöé 2        Γöé 0        Γöé 16   Γöé 3309  Γöé
Γöé 3       Γöé 1   Γöé 'biggest_risk'   Γöé 'PASS' Γöé ''                          Γöé 3       Γöé 'yes' Γöé 2        Γöé 0        Γöé 13   Γöé 5800  Γöé
Γöé 4       Γöé 1   Γöé 'roadmap'        Γöé 'PASS' Γöé ''                          Γöé 2       Γöé 'yes' Γöé 2        Γöé 0        Γöé 2    Γöé 6903  Γöé
Γöé 5       Γöé 2   Γöé 'hi'             Γöé 'PASS' Γöé ''                          Γöé 0       Γöé 'no'  Γöé 0        Γöé 0        Γöé 0    Γöé 16    Γöé
Γöé 6       Γöé 2   Γöé 'owner_deadline' Γöé 'FAIL' Γöé 'bullets_missing_citations' Γöé 3       Γöé 'no'  Γöé 1        Γöé 0        Γöé 16   Γöé 4845  Γöé
Γöé 7       Γöé 2   Γöé 'blockers'       Γöé 'FAIL' Γöé 'validator_fail'            Γöé 1       Γöé 'yes' Γöé 1        Γöé 0        Γöé 16   Γöé 6036  Γöé
Γöé 8       Γöé 2   Γöé 'biggest_risk'   Γöé 'PASS' Γöé ''                          Γöé 3       Γöé 'yes' Γöé 2        Γöé 0        Γöé 13   Γöé 7429  Γöé
Γöé 9       Γöé 2   Γöé 'roadmap'        Γöé 'PASS' Γöé ''                          Γöé 2       Γöé 'yes' Γöé 2        Γöé 0        Γöé 2    Γöé 7785  Γöé
Γöé 10      Γöé 3   Γöé 'hi'             Γöé 'PASS' Γöé ''                          Γöé 0       Γöé 'no'  Γöé 0        Γöé 0        Γöé 0    Γöé 16    Γöé
Γöé 11      Γöé 3   Γöé 'owner_deadline' Γöé 'PASS' Γöé ''                          Γöé 4       Γöé 'yes' Γöé 2        Γöé 0        Γöé 16   Γöé 5092  Γöé
Γöé 12      Γöé 3   Γöé 'blockers'       Γöé 'PASS' Γöé ''                          Γöé 3       Γöé 'yes' Γöé 2        Γöé 0        Γöé 16   Γöé 3972  Γöé
Γöé 13      Γöé 3   Γöé 'biggest_risk'   Γöé 'PASS' Γöé ''                          Γöé 3       Γöé 'yes' Γöé 2        Γöé 0        Γöé 13   Γöé 6189  Γöé
Γöé 14      Γöé 3   Γöé 'roadmap'        Γöé 'PASS' Γöé ''                          Γöé 2       Γöé 'yes' Γöé 2        Γöé 0        Γöé 2    Γöé 5799  Γöé
Γöé 15      Γöé 4   Γöé 'hi'             Γöé 'PASS' Γöé ''                          Γöé 0       Γöé 'no'  Γöé 0        Γöé 0        Γöé 0    Γöé 17    Γöé
Γöé 16      Γöé 4   Γöé 'owner_deadline' Γöé 'FAIL' Γöé 'bullets_missing_citations' Γöé 3       Γöé 'no'  Γöé 1        Γöé 0        Γöé 16   Γöé 5318  Γöé
Γöé 17      Γöé 4   Γöé 'blockers'       Γöé 'PASS' Γöé ''                          Γöé 3       Γöé 'yes' Γöé 2        Γöé 0        Γöé 16   Γöé 3741  Γöé
Γöé 18      Γöé 4   Γöé 'biggest_risk'   Γöé 'PASS' Γöé ''                          Γöé 3       Γöé 'yes' Γöé 2        Γöé 0        Γöé 13   Γöé 7702  Γöé
Γöé 19      Γöé 4   Γöé 'roadmap'        Γöé 'PASS' Γöé ''                          Γöé 2       Γöé 'yes' Γöé 2        Γöé 0        Γöé 2    Γöé 5948  Γöé
Γöé 20      Γöé 5   Γöé 'hi'             Γöé 'PASS' Γöé ''                          Γöé 0       Γöé 'no'  Γöé 0        Γöé 0        Γöé 0    Γöé 19    Γöé
Γöé 21      Γöé 5   Γöé 'owner_deadline' Γöé 'FAIL' Γöé 'bullets_missing_citations' Γöé 3       Γöé 'no'  Γöé 1        Γöé 0        Γöé 16   Γöé 4466  Γöé
Γöé 22      Γöé 5   Γöé 'blockers'       Γöé 'PASS' Γöé ''                          Γöé 3       Γöé 'yes' Γöé 2        Γöé 0        Γöé 16   Γöé 4130  Γöé
Γöé 23      Γöé 5   Γöé 'biggest_risk'   Γöé 'PASS' Γöé ''                          Γöé 3       Γöé 'yes' Γöé 2        Γöé 0        Γöé 13   Γöé 10773 Γöé
Γöé 24      Γöé 5   Γöé 'roadmap'        Γöé 'PASS' Γöé ''                          Γöé 2       Γöé 'yes' Γöé 2        Γöé 0        Γöé 2    Γöé 7203  Γöé
Γöé 25      Γöé 6   Γöé 'hi'             Γöé 'PASS' Γöé ''                          Γöé 0       Γöé 'no'  Γöé 0        Γöé 0        Γöé 0    Γöé 15    Γöé
Γöé 26      Γöé 6   Γöé 'owner_deadline' Γöé 'PASS' Γöé ''                          Γöé 4       Γöé 'yes' Γöé 2        Γöé 0        Γöé 16   Γöé 4031  Γöé
Γöé 27      Γöé 6   Γöé 'blockers'       Γöé 'PASS' Γöé ''                          Γöé 3       Γöé 'yes' Γöé 2        Γöé 0        Γöé 16   Γöé 3534  Γöé
Γöé 28      Γöé 6   Γöé 'biggest_risk'   Γöé 'PASS' Γöé ''                          Γöé 3       Γöé 'yes' Γöé 2        Γöé 0        Γöé 13   Γöé 6442  Γöé
Γöé 29      Γöé 6   Γöé 'roadmap'        Γöé 'PASS' Γöé ''                          Γöé 2       Γöé 'yes' Γöé 2        Γöé 0        Γöé 2    Γöé 10710 Γöé
Γöé 30      Γöé 7   Γöé 'hi'             Γöé 'PASS' Γöé ''                          Γöé 0       Γöé 'no'  Γöé 0        Γöé 0        Γöé 0    Γöé 21    Γöé
Γöé 31      Γöé 7   Γöé 'owner_deadline' Γöé 'PASS' Γöé ''                          Γöé 4       Γöé 'yes' Γöé 2        Γöé 0        Γöé 16   Γöé 3320  Γöé
Γöé 32      Γöé 7   Γöé 'blockers'       Γöé 'PASS' Γöé ''                          Γöé 3       Γöé 'yes' Γöé 2        Γöé 0        Γöé 16   Γöé 5472  Γöé
Γöé 33      Γöé 7   Γöé 'biggest_risk'   Γöé 'PASS' Γöé ''                          Γöé 3       Γöé 'yes' Γöé 2        Γöé 0        Γöé 13   Γöé 6647  Γöé
Γöé 34      Γöé 7   Γöé 'roadmap'        Γöé 'PASS' Γöé ''                          Γöé 2       Γöé 'yes' Γöé 2        Γöé 0        Γöé 2    Γöé 7997  Γöé
Γöé 35      Γöé 8   Γöé 'hi'             Γöé 'PASS' Γöé ''                          Γöé 0       Γöé 'no'  Γöé 0        Γöé 0        Γöé 0    Γöé 18    Γöé
Γöé 36      Γöé 8   Γöé 'owner_deadline' Γöé 'FAIL' Γöé 'bullets_missing_citations' Γöé 3       Γöé 'no'  Γöé 1        Γöé 0        Γöé 16   Γöé 3977  Γöé
Γöé 37      Γöé 8   Γöé 'blockers'       Γöé 'FAIL' Γöé 'validator_fail'            Γöé 1       Γöé 'yes' Γöé 1        Γöé 0        Γöé 16   Γöé 6041  Γöé
Γöé 38      Γöé 8   Γöé 'biggest_risk'   Γöé 'PASS' Γöé ''                          Γöé 3       Γöé 'yes' Γöé 2        Γöé 0        Γöé 13   Γöé 13433 Γöé
Γöé 39      Γöé 8   Γöé 'roadmap'        Γöé 'PASS' Γöé ''                          Γöé 2       Γöé 'yes' Γöé 2        Γöé 0        Γöé 2    Γöé 6635  Γöé
Γöé 40      Γöé 9   Γöé 'hi'             Γöé 'PASS' Γöé ''                          Γöé 0       Γöé 'no'  Γöé 0        Γöé 0        Γöé 0    Γöé 17    Γöé
Γöé 41      Γöé 9   Γöé 'owner_deadline' Γöé 'FAIL' Γöé 'bullets_missing_citations' Γöé 3       Γöé 'no'  Γöé 1        Γöé 0        Γöé 16   Γöé 4127  Γöé
Γöé 42      Γöé 9   Γöé 'blockers'       Γöé 'FAIL' Γöé 'validator_fail'            Γöé 1       Γöé 'yes' Γöé 1        Γöé 0        Γöé 16   Γöé 3550  Γöé
Γöé 43      Γöé 9   Γöé 'biggest_risk'   Γöé 'PASS' Γöé ''                          Γöé 3       Γöé 'yes' Γöé 2        Γöé 0        Γöé 13   Γöé 7139  Γöé
Γöé 44      Γöé 9   Γöé 'roadmap'        Γöé 'PASS' Γöé ''                          Γöé 2       Γöé 'yes' Γöé 2        Γöé 0        Γöé 2    Γöé 7023  Γöé
Γöé 45      Γöé 10  Γöé 'hi'             Γöé 'PASS' Γöé ''                          Γöé 0       Γöé 'no'  Γöé 0        Γöé 0        Γöé 0    Γöé 17    Γöé
Γöé 46      Γöé 10  Γöé 'owner_deadline' Γöé 'PASS' Γöé ''                          Γöé 4       Γöé 'yes' Γöé 2        Γöé 0        Γöé 16   Γöé 3975  Γöé
Γöé 47      Γöé 10  Γöé 'blockers'       Γöé 'PASS' Γöé ''                          Γöé 3       Γöé 'yes' Γöé 2        Γöé 0        Γöé 16   Γöé 4055  Γöé
Γöé 48      Γöé 10  Γöé 'biggest_risk'   Γöé 'PASS' Γöé ''                          Γöé 3       Γöé 'yes' Γöé 2        Γöé 0        Γöé 13   Γöé 8007  Γöé
Γöé 49      Γöé 10  Γöé 'roadmap'        Γöé 'PASS' Γöé ''                          Γöé 2       Γöé 'yes' Γöé 2        Γöé 0        Γöé 2    Γöé 8076  Γöé
ΓööΓöÇΓöÇΓöÇΓöÇΓöÇΓöÇΓöÇΓöÇΓöÇΓö┤ΓöÇΓöÇΓöÇΓöÇΓöÇΓö┤ΓöÇΓöÇΓöÇΓöÇΓöÇΓöÇΓöÇΓöÇΓöÇΓöÇΓöÇΓöÇΓöÇΓöÇΓöÇΓöÇΓöÇΓöÇΓö┤ΓöÇΓöÇΓöÇΓöÇΓöÇΓöÇΓöÇΓöÇΓö┤ΓöÇΓöÇΓöÇΓöÇΓöÇΓöÇΓöÇΓöÇΓöÇΓöÇΓöÇΓöÇΓöÇΓöÇΓöÇΓöÇΓöÇΓöÇΓöÇΓöÇΓöÇΓöÇΓöÇΓöÇΓöÇΓöÇΓöÇΓöÇΓöÇΓö┤ΓöÇΓöÇΓöÇΓöÇΓöÇΓöÇΓöÇΓöÇΓöÇΓö┤ΓöÇΓöÇΓöÇΓöÇΓöÇΓöÇΓöÇΓö┤ΓöÇΓöÇΓöÇΓöÇΓöÇΓöÇΓöÇΓöÇΓöÇΓöÇΓö┤ΓöÇΓöÇΓöÇΓöÇΓöÇΓöÇΓöÇΓöÇΓöÇΓöÇΓö┤ΓöÇΓöÇΓöÇΓöÇΓöÇΓöÇΓö┤ΓöÇΓöÇΓöÇΓöÇΓöÇΓöÇΓöÇΓöÿ

=== RETRIEVAL + EVIDENCE DIAGNOSTICS ===
ΓöîΓöÇΓöÇΓöÇΓöÇΓöÇΓöÇΓöÇΓöÇΓöÇΓö¼ΓöÇΓöÇΓöÇΓöÇΓöÇΓöÇΓöÇΓöÇΓöÇΓöÇΓöÇΓöÇΓöÇΓöÇΓöÇΓöÇΓöÇΓöÇΓö¼ΓöÇΓöÇΓöÇΓöÇΓöÇΓöÇΓöÇΓöÇΓö¼ΓöÇΓöÇΓöÇΓöÇΓöÇΓöÇΓöÇΓö¼ΓöÇΓöÇΓöÇΓöÇΓöÇΓöÇΓöÇΓö¼ΓöÇΓöÇΓöÇΓöÇΓöÇΓöÇΓöÇΓö¼ΓöÇΓöÇΓöÇΓöÇΓöÇΓöÇΓöÇΓö¼ΓöÇΓöÇΓöÇΓöÇΓöÇΓöÇΓö¼ΓöÇΓöÇΓöÇΓöÇΓöÇΓöÇΓöÇΓöÇΓöÇΓö¼ΓöÇΓöÇΓöÇΓöÇΓöÇΓöÇΓöÇΓöÇΓöÇΓö¼ΓöÇΓöÇΓöÇΓöÇΓöÇΓöÇΓöÇΓöÇΓö¼ΓöÇΓöÇΓöÇΓöÇΓöÇΓöÇΓöÇΓö¼ΓöÇΓöÇΓöÇΓöÇΓöÇΓöÇΓöÇΓö¼ΓöÇΓöÇΓöÇΓöÇΓöÇΓöÇΓöÇΓöÇΓöÉ
Γöé (index) Γöé query            Γöé intent Γöé retMs Γöé genMs Γöé totMs Γöé cands Γöé topK Γöé srcRetr Γöé srcCite Γöé evKeys Γöé sects Γöé facts Γöé fallbk Γöé
Γö£ΓöÇΓöÇΓöÇΓöÇΓöÇΓöÇΓöÇΓöÇΓöÇΓö╝ΓöÇΓöÇΓöÇΓöÇΓöÇΓöÇΓöÇΓöÇΓöÇΓöÇΓöÇΓöÇΓöÇΓöÇΓöÇΓöÇΓöÇΓöÇΓö╝ΓöÇΓöÇΓöÇΓöÇΓöÇΓöÇΓöÇΓöÇΓö╝ΓöÇΓöÇΓöÇΓöÇΓöÇΓöÇΓöÇΓö╝ΓöÇΓöÇΓöÇΓöÇΓöÇΓöÇΓöÇΓö╝ΓöÇΓöÇΓöÇΓöÇΓöÇΓöÇΓöÇΓö╝ΓöÇΓöÇΓöÇΓöÇΓöÇΓöÇΓöÇΓö╝ΓöÇΓöÇΓöÇΓöÇΓöÇΓöÇΓö╝ΓöÇΓöÇΓöÇΓöÇΓöÇΓöÇΓöÇΓöÇΓöÇΓö╝ΓöÇΓöÇΓöÇΓöÇΓöÇΓöÇΓöÇΓöÇΓöÇΓö╝ΓöÇΓöÇΓöÇΓöÇΓöÇΓöÇΓöÇΓöÇΓö╝ΓöÇΓöÇΓöÇΓöÇΓöÇΓöÇΓöÇΓö╝ΓöÇΓöÇΓöÇΓöÇΓöÇΓöÇΓöÇΓö╝ΓöÇΓöÇΓöÇΓöÇΓöÇΓöÇΓöÇΓöÇΓöñ
Γöé 0       Γöé 'hi'             Γöé '-'    Γöé 0     Γöé 0     Γöé 70    Γöé 0     Γöé 0    Γöé 0       Γöé 0       Γöé 0      Γöé 0     Γöé 0     Γöé ''     Γöé
Γöé 1       Γöé 'owner_deadline' Γöé '-'    Γöé 0     Γöé 0     Γöé 43655 Γöé 0     Γöé 16   Γöé 0       Γöé 2       Γöé 2      Γöé 0     Γöé 0     Γöé ''     Γöé
Γöé 2       Γöé 'blockers'       Γöé '-'    Γöé 0     Γöé 0     Γöé 3309  Γöé 0     Γöé 16   Γöé 0       Γöé 2       Γöé 2      Γöé 0     Γöé 0     Γöé ''     Γöé
Γöé 3       Γöé 'biggest_risk'   Γöé '-'    Γöé 0     Γöé 0     Γöé 5800  Γöé 0     Γöé 13   Γöé 0       Γöé 2       Γöé 2      Γöé 1     Γöé 1     Γöé ''     Γöé
Γöé 4       Γöé 'roadmap'        Γöé '-'    Γöé 0     Γöé 0     Γöé 6903  Γöé 0     Γöé 2    Γöé 0       Γöé 2       Γöé 1      Γöé 0     Γöé 0     Γöé ''     Γöé
Γöé 5       Γöé 'hi'             Γöé '-'    Γöé 0     Γöé 0     Γöé 16    Γöé 0     Γöé 0    Γöé 0       Γöé 0       Γöé 0      Γöé 0     Γöé 0     Γöé ''     Γöé
Γöé 6       Γöé 'owner_deadline' Γöé '-'    Γöé 0     Γöé 0     Γöé 4845  Γöé 0     Γöé 16   Γöé 0       Γöé 1       Γöé 1      Γöé 0     Γöé 0     Γöé ''     Γöé
Γöé 7       Γöé 'blockers'       Γöé '-'    Γöé 0     Γöé 0     Γöé 6036  Γöé 0     Γöé 16   Γöé 0       Γöé 1       Γöé 1      Γöé 0     Γöé 0     Γöé ''     Γöé
Γöé 8       Γöé 'biggest_risk'   Γöé '-'    Γöé 0     Γöé 0     Γöé 7429  Γöé 0     Γöé 13   Γöé 0       Γöé 2       Γöé 2      Γöé 1     Γöé 1     Γöé ''     Γöé
Γöé 9       Γöé 'roadmap'        Γöé '-'    Γöé 0     Γöé 0     Γöé 7785  Γöé 0     Γöé 2    Γöé 0       Γöé 2       Γöé 1      Γöé 0     Γöé 0     Γöé ''     Γöé
Γöé 10      Γöé 'hi'             Γöé '-'    Γöé 0     Γöé 0     Γöé 16    Γöé 0     Γöé 0    Γöé 0       Γöé 0       Γöé 0      Γöé 0     Γöé 0     Γöé ''     Γöé
Γöé 11      Γöé 'owner_deadline' Γöé '-'    Γöé 0     Γöé 0     Γöé 5092  Γöé 0     Γöé 16   Γöé 0       Γöé 2       Γöé 2      Γöé 0     Γöé 0     Γöé ''     Γöé
Γöé 12      Γöé 'blockers'       Γöé '-'    Γöé 0     Γöé 0     Γöé 3972  Γöé 0     Γöé 16   Γöé 0       Γöé 2       Γöé 2      Γöé 0     Γöé 0     Γöé ''     Γöé
Γöé 13      Γöé 'biggest_risk'   Γöé '-'    Γöé 0     Γöé 0     Γöé 6189  Γöé 0     Γöé 13   Γöé 0       Γöé 2       Γöé 2      Γöé 1     Γöé 1     Γöé ''     Γöé
Γöé 14      Γöé 'roadmap'        Γöé '-'    Γöé 0     Γöé 0     Γöé 5799  Γöé 0     Γöé 2    Γöé 0       Γöé 2       Γöé 1      Γöé 0     Γöé 0     Γöé ''     Γöé
Γöé 15      Γöé 'hi'             Γöé '-'    Γöé 0     Γöé 0     Γöé 17    Γöé 0     Γöé 0    Γöé 0       Γöé 0       Γöé 0      Γöé 0     Γöé 0     Γöé ''     Γöé
Γöé 16      Γöé 'owner_deadline' Γöé '-'    Γöé 0     Γöé 0     Γöé 5318  Γöé 0     Γöé 16   Γöé 0       Γöé 1       Γöé 1      Γöé 0     Γöé 0     Γöé ''     Γöé
Γöé 17      Γöé 'blockers'       Γöé '-'    Γöé 0     Γöé 0     Γöé 3741  Γöé 0     Γöé 16   Γöé 0       Γöé 2       Γöé 2      Γöé 0     Γöé 0     Γöé ''     Γöé
Γöé 18      Γöé 'biggest_risk'   Γöé '-'    Γöé 0     Γöé 0     Γöé 7702  Γöé 0     Γöé 13   Γöé 0       Γöé 2       Γöé 2      Γöé 1     Γöé 1     Γöé ''     Γöé
Γöé 19      Γöé 'roadmap'        Γöé '-'    Γöé 0     Γöé 0     Γöé 5948  Γöé 0     Γöé 2    Γöé 0       Γöé 2       Γöé 1      Γöé 0     Γöé 0     Γöé ''     Γöé
Γöé 20      Γöé 'hi'             Γöé '-'    Γöé 0     Γöé 0     Γöé 19    Γöé 0     Γöé 0    Γöé 0       Γöé 0       Γöé 0      Γöé 0     Γöé 0     Γöé ''     Γöé
Γöé 21      Γöé 'owner_deadline' Γöé '-'    Γöé 0     Γöé 0     Γöé 4466  Γöé 0     Γöé 16   Γöé 0       Γöé 1       Γöé 1      Γöé 0     Γöé 0     Γöé ''     Γöé
Γöé 22      Γöé 'blockers'       Γöé '-'    Γöé 0     Γöé 0     Γöé 4130  Γöé 0     Γöé 16   Γöé 0       Γöé 2       Γöé 2      Γöé 0     Γöé 0     Γöé ''     Γöé
Γöé 23      Γöé 'biggest_risk'   Γöé '-'    Γöé 0     Γöé 0     Γöé 10773 Γöé 0     Γöé 13   Γöé 0       Γöé 2       Γöé 2      Γöé 1     Γöé 1     Γöé ''     Γöé
Γöé 24      Γöé 'roadmap'        Γöé '-'    Γöé 0     Γöé 0     Γöé 7203  Γöé 0     Γöé 2    Γöé 0       Γöé 2       Γöé 1      Γöé 0     Γöé 0     Γöé ''     Γöé
Γöé 25      Γöé 'hi'             Γöé '-'    Γöé 0     Γöé 0     Γöé 15    Γöé 0     Γöé 0    Γöé 0       Γöé 0       Γöé 0      Γöé 0     Γöé 0     Γöé ''     Γöé
Γöé 26      Γöé 'owner_deadline' Γöé '-'    Γöé 0     Γöé 0     Γöé 4031  Γöé 0     Γöé 16   Γöé 0       Γöé 2       Γöé 2      Γöé 0     Γöé 0     Γöé ''     Γöé
Γöé 27      Γöé 'blockers'       Γöé '-'    Γöé 0     Γöé 0     Γöé 3534  Γöé 0     Γöé 16   Γöé 0       Γöé 2       Γöé 2      Γöé 0     Γöé 0     Γöé ''     Γöé
Γöé 28      Γöé 'biggest_risk'   Γöé '-'    Γöé 0     Γöé 0     Γöé 6442  Γöé 0     Γöé 13   Γöé 0       Γöé 2       Γöé 2      Γöé 1     Γöé 1     Γöé ''     Γöé
Γöé 29      Γöé 'roadmap'        Γöé '-'    Γöé 0     Γöé 0     Γöé 10710 Γöé 0     Γöé 2    Γöé 0       Γöé 2       Γöé 1      Γöé 0     Γöé 0     Γöé ''     Γöé
Γöé 30      Γöé 'hi'             Γöé '-'    Γöé 0     Γöé 0     Γöé 21    Γöé 0     Γöé 0    Γöé 0       Γöé 0       Γöé 0      Γöé 0     Γöé 0     Γöé ''     Γöé
Γöé 31      Γöé 'owner_deadline' Γöé '-'    Γöé 0     Γöé 0     Γöé 3320  Γöé 0     Γöé 16   Γöé 0       Γöé 2       Γöé 2      Γöé 0     Γöé 0     Γöé ''     Γöé
Γöé 32      Γöé 'blockers'       Γöé '-'    Γöé 0     Γöé 0     Γöé 5472  Γöé 0     Γöé 16   Γöé 0       Γöé 2       Γöé 2      Γöé 0     Γöé 0     Γöé ''     Γöé
Γöé 33      Γöé 'biggest_risk'   Γöé '-'    Γöé 0     Γöé 0     Γöé 6647  Γöé 0     Γöé 13   Γöé 0       Γöé 2       Γöé 2      Γöé 1     Γöé 1     Γöé ''     Γöé
Γöé 34      Γöé 'roadmap'        Γöé '-'    Γöé 0     Γöé 0     Γöé 7997  Γöé 0     Γöé 2    Γöé 0       Γöé 2       Γöé 1      Γöé 0     Γöé 0     Γöé ''     Γöé
Γöé 35      Γöé 'hi'             Γöé '-'    Γöé 0     Γöé 0     Γöé 18    Γöé 0     Γöé 0    Γöé 0       Γöé 0       Γöé 0      Γöé 0     Γöé 0     Γöé ''     Γöé
Γöé 36      Γöé 'owner_deadline' Γöé '-'    Γöé 0     Γöé 0     Γöé 3977  Γöé 0     Γöé 16   Γöé 0       Γöé 1       Γöé 1      Γöé 0     Γöé 0     Γöé ''     Γöé
Γöé 37      Γöé 'blockers'       Γöé '-'    Γöé 0     Γöé 0     Γöé 6041  Γöé 0     Γöé 16   Γöé 0       Γöé 1       Γöé 1      Γöé 0     Γöé 0     Γöé ''     Γöé
Γöé 38      Γöé 'biggest_risk'   Γöé '-'    Γöé 0     Γöé 0     Γöé 13433 Γöé 0     Γöé 13   Γöé 0       Γöé 2       Γöé 2      Γöé 1     Γöé 1     Γöé ''     Γöé
Γöé 39      Γöé 'roadmap'        Γöé '-'    Γöé 0     Γöé 0     Γöé 6635  Γöé 0     Γöé 2    Γöé 0       Γöé 2       Γöé 1      Γöé 0     Γöé 0     Γöé ''     Γöé
Γöé 40      Γöé 'hi'             Γöé '-'    Γöé 0     Γöé 0     Γöé 17    Γöé 0     Γöé 0    Γöé 0       Γöé 0       Γöé 0      Γöé 0     Γöé 0     Γöé ''     Γöé
Γöé 41      Γöé 'owner_deadline' Γöé '-'    Γöé 0     Γöé 0     Γöé 4127  Γöé 0     Γöé 16   Γöé 0       Γöé 1       Γöé 1      Γöé 0     Γöé 0     Γöé ''     Γöé
Γöé 42      Γöé 'blockers'       Γöé '-'    Γöé 0     Γöé 0     Γöé 3550  Γöé 0     Γöé 16   Γöé 0       Γöé 1       Γöé 1      Γöé 0     Γöé 0     Γöé ''     Γöé
Γöé 43      Γöé 'biggest_risk'   Γöé '-'    Γöé 0     Γöé 0     Γöé 7139  Γöé 0     Γöé 13   Γöé 0       Γöé 2       Γöé 2      Γöé 1     Γöé 1     Γöé ''     Γöé
Γöé 44      Γöé 'roadmap'        Γöé '-'    Γöé 0     Γöé 0     Γöé 7023  Γöé 0     Γöé 2    Γöé 0       Γöé 2       Γöé 1      Γöé 0     Γöé 0     Γöé ''     Γöé
Γöé 45      Γöé 'hi'             Γöé '-'    Γöé 0     Γöé 0     Γöé 17    Γöé 0     Γöé 0    Γöé 0       Γöé 0       Γöé 0      Γöé 0     Γöé 0     Γöé ''     Γöé
Γöé 46      Γöé 'owner_deadline' Γöé '-'    Γöé 0     Γöé 0     Γöé 3975  Γöé 0     Γöé 16   Γöé 0       Γöé 2       Γöé 2      Γöé 0     Γöé 0     Γöé ''     Γöé
Γöé 47      Γöé 'blockers'       Γöé '-'    Γöé 0     Γöé 0     Γöé 4055  Γöé 0     Γöé 16   Γöé 0       Γöé 2       Γöé 2      Γöé 0     Γöé 0     Γöé ''     Γöé
Γöé 48      Γöé 'biggest_risk'   Γöé '-'    Γöé 0     Γöé 0     Γöé 8007  Γöé 0     Γöé 13   Γöé 0       Γöé 2       Γöé 2      Γöé 1     Γöé 1     Γöé ''     Γöé
Γöé 49      Γöé 'roadmap'        Γöé '-'    Γöé 0     Γöé 0     Γöé 8076  Γöé 0     Γöé 2    Γöé 0       Γöé 2       Γöé 1      Γöé 0     Γöé 0     Γöé ''     Γöé
ΓööΓöÇΓöÇΓöÇΓöÇΓöÇΓöÇΓöÇΓöÇΓöÇΓö┤ΓöÇΓöÇΓöÇΓöÇΓöÇΓöÇΓöÇΓöÇΓöÇΓöÇΓöÇΓöÇΓöÇΓöÇΓöÇΓöÇΓöÇΓöÇΓö┤ΓöÇΓöÇΓöÇΓöÇΓöÇΓöÇΓöÇΓöÇΓö┤ΓöÇΓöÇΓöÇΓöÇΓöÇΓöÇΓöÇΓö┤ΓöÇΓöÇΓöÇΓöÇΓöÇΓöÇΓöÇΓö┤ΓöÇΓöÇΓöÇΓöÇΓöÇΓöÇΓöÇΓö┤ΓöÇΓöÇΓöÇΓöÇΓöÇΓöÇΓöÇΓö┤ΓöÇΓöÇΓöÇΓöÇΓöÇΓöÇΓö┤ΓöÇΓöÇΓöÇΓöÇΓöÇΓöÇΓöÇΓöÇΓöÇΓö┤ΓöÇΓöÇΓöÇΓöÇΓöÇΓöÇΓöÇΓöÇΓöÇΓö┤ΓöÇΓöÇΓöÇΓöÇΓöÇΓöÇΓöÇΓöÇΓö┤ΓöÇΓöÇΓöÇΓöÇΓöÇΓöÇΓöÇΓö┤ΓöÇΓöÇΓöÇΓöÇΓöÇΓöÇΓöÇΓö┤ΓöÇΓöÇΓöÇΓöÇΓöÇΓöÇΓöÇΓöÇΓöÿ

Summary: 42/50 passed | elapsed=432323ms
Report written: C:\Users\Lenovo\AppData\Local\Temp\rag_quality\rag_quality_report.json
Per-query artifacts: C:\Users\Lenovo\AppData\Local\Temp\rag_quality\rag_quality_runs/
