
=== RAG QUALITY GATE ===
ΓöîΓöÇΓöÇΓöÇΓöÇΓöÇΓöÇΓöÇΓöÇΓöÇΓö¼ΓöÇΓöÇΓöÇΓöÇΓöÇΓö¼ΓöÇΓöÇΓöÇΓöÇΓöÇΓöÇΓöÇΓöÇΓöÇΓöÇΓöÇΓöÇΓöÇΓöÇΓöÇΓöÇΓöÇΓöÇΓö¼ΓöÇΓöÇΓöÇΓöÇΓöÇΓöÇΓöÇΓöÇΓö¼ΓöÇΓöÇΓöÇΓöÇΓöÇΓöÇΓöÇΓöÇΓöÇΓöÇΓöÇΓöÇΓöÇΓöÇΓöÇΓöÇΓöÇΓöÇΓöÇΓöÇΓöÇΓöÇΓöÇΓöÇΓöÇΓöÇΓöÇΓöÇΓöÇΓö¼ΓöÇΓöÇΓöÇΓöÇΓöÇΓöÇΓöÇΓöÇΓöÇΓö¼ΓöÇΓöÇΓöÇΓöÇΓöÇΓöÇΓöÇΓö¼ΓöÇΓöÇΓöÇΓöÇΓöÇΓöÇΓöÇΓöÇΓöÇΓöÇΓö¼ΓöÇΓöÇΓöÇΓöÇΓöÇΓöÇΓöÇΓöÇΓöÇΓöÇΓö¼ΓöÇΓöÇΓöÇΓöÇΓöÇΓöÇΓö¼ΓöÇΓöÇΓöÇΓöÇΓöÇΓöÇΓöÇΓöÉ
Γöé (index) Γöé run Γöé query            Γöé pass   Γöé reason                      Γöé bullets Γöé cited Γöé srcCited Γöé unusedEv Γöé topK Γöé latMs Γöé
Γö£ΓöÇΓöÇΓöÇΓöÇΓöÇΓöÇΓöÇΓöÇΓöÇΓö╝ΓöÇΓöÇΓöÇΓöÇΓöÇΓö╝ΓöÇΓöÇΓöÇΓöÇΓöÇΓöÇΓöÇΓöÇΓöÇΓöÇΓöÇΓöÇΓöÇΓöÇΓöÇΓöÇΓöÇΓöÇΓö╝ΓöÇΓöÇΓöÇΓöÇΓöÇΓöÇΓöÇΓöÇΓö╝ΓöÇΓöÇΓöÇΓöÇΓöÇΓöÇΓöÇΓöÇΓöÇΓöÇΓöÇΓöÇΓöÇΓöÇΓöÇΓöÇΓöÇΓöÇΓöÇΓöÇΓöÇΓöÇΓöÇΓöÇΓöÇΓöÇΓöÇΓöÇΓöÇΓö╝ΓöÇΓöÇΓöÇΓöÇΓöÇΓöÇΓöÇΓöÇΓöÇΓö╝ΓöÇΓöÇΓöÇΓöÇΓöÇΓöÇΓöÇΓö╝ΓöÇΓöÇΓöÇΓöÇΓöÇΓöÇΓöÇΓöÇΓöÇΓöÇΓö╝ΓöÇΓöÇΓöÇΓöÇΓöÇΓöÇΓöÇΓöÇΓöÇΓöÇΓö╝ΓöÇΓöÇΓöÇΓöÇΓöÇΓöÇΓö╝ΓöÇΓöÇΓöÇΓöÇΓöÇΓöÇΓöÇΓöñ
Γöé 0       Γöé 1   Γöé 'hi'             Γöé 'PASS' Γöé ''                          Γöé 0       Γöé 'no'  Γöé 0        Γöé 0        Γöé 0    Γöé 21    Γöé
Γöé 1       Γöé 1   Γöé 'owner_deadline' Γöé 'FAIL' Γöé 'bullets_missing_citations' Γöé 3       Γöé 'no'  Γöé 1        Γöé 0        Γöé 16   Γöé 5373  Γöé
Γöé 2       Γöé 1   Γöé 'blockers'       Γöé 'PASS' Γöé ''                          Γöé 1       Γöé 'yes' Γöé 1        Γöé 0        Γöé 16   Γöé 3377  Γöé
Γöé 3       Γöé 1   Γöé 'biggest_risk'   Γöé 'PASS' Γöé ''                          Γöé 3       Γöé 'yes' Γöé 2        Γöé 0        Γöé 14   Γöé 7653  Γöé
Γöé 4       Γöé 1   Γöé 'roadmap'        Γöé 'PASS' Γöé ''                          Γöé 5       Γöé 'yes' Γöé 2        Γöé 0        Γöé 8    Γöé 7010  Γöé
Γöé 5       Γöé 2   Γöé 'hi'             Γöé 'PASS' Γöé ''                          Γöé 0       Γöé 'no'  Γöé 0        Γöé 0        Γöé 0    Γöé 15    Γöé
Γöé 6       Γöé 2   Γöé 'owner_deadline' Γöé 'PASS' Γöé ''                          Γöé 5       Γöé 'yes' Γöé 2        Γöé 0        Γöé 16   Γöé 4708  Γöé
Γöé 7       Γöé 2   Γöé 'blockers'       Γöé 'PASS' Γöé ''                          Γöé 3       Γöé 'yes' Γöé 2        Γöé 0        Γöé 16   Γöé 6523  Γöé
Γöé 8       Γöé 2   Γöé 'biggest_risk'   Γöé 'PASS' Γöé ''                          Γöé 3       Γöé 'yes' Γöé 2        Γöé 0        Γöé 14   Γöé 6933  Γöé
Γöé 9       Γöé 2   Γöé 'roadmap'        Γöé 'PASS' Γöé ''                          Γöé 5       Γöé 'yes' Γöé 2        Γöé 0        Γöé 8    Γöé 10370 Γöé
Γöé 10      Γöé 3   Γöé 'hi'             Γöé 'PASS' Γöé ''                          Γöé 0       Γöé 'no'  Γöé 0        Γöé 0        Γöé 0    Γöé 16    Γöé
Γöé 11      Γöé 3   Γöé 'owner_deadline' Γöé 'FAIL' Γöé 'bullets_missing_citations' Γöé 3       Γöé 'no'  Γöé 1        Γöé 0        Γöé 16   Γöé 5535  Γöé
Γöé 12      Γöé 3   Γöé 'blockers'       Γöé 'PASS' Γöé ''                          Γöé 3       Γöé 'yes' Γöé 2        Γöé 0        Γöé 16   Γöé 3804  Γöé
Γöé 13      Γöé 3   Γöé 'biggest_risk'   Γöé 'PASS' Γöé ''                          Γöé 3       Γöé 'yes' Γöé 2        Γöé 0        Γöé 14   Γöé 6912  Γöé
Γöé 14      Γöé 3   Γöé 'roadmap'        Γöé 'PASS' Γöé ''                          Γöé 5       Γöé 'yes' Γöé 2        Γöé 0        Γöé 8    Γöé 8726  Γöé
Γöé 15      Γöé 4   Γöé 'hi'             Γöé 'PASS' Γöé ''                          Γöé 0       Γöé 'no'  Γöé 0        Γöé 0        Γöé 0    Γöé 17    Γöé
Γöé 16      Γöé 4   Γöé 'owner_deadline' Γöé 'FAIL' Γöé 'bullets_missing_citations' Γöé 3       Γöé 'no'  Γöé 1        Γöé 0        Γöé 16   Γöé 6976  Γöé
Γöé 17      Γöé 4   Γöé 'blockers'       Γöé 'PASS' Γöé ''                          Γöé 3       Γöé 'yes' Γöé 2        Γöé 0        Γöé 16   Γöé 3355  Γöé
Γöé 18      Γöé 4   Γöé 'biggest_risk'   Γöé 'PASS' Γöé ''                          Γöé 3       Γöé 'yes' Γöé 2        Γöé 0        Γöé 14   Γöé 6222  Γöé
Γöé 19      Γöé 4   Γöé 'roadmap'        Γöé 'PASS' Γöé ''                          Γöé 5       Γöé 'yes' Γöé 2        Γöé 0        Γöé 8    Γöé 8935  Γöé
Γöé 20      Γöé 5   Γöé 'hi'             Γöé 'PASS' Γöé ''                          Γöé 0       Γöé 'no'  Γöé 0        Γöé 0        Γöé 0    Γöé 15    Γöé
Γöé 21      Γöé 5   Γöé 'owner_deadline' Γöé 'FAIL' Γöé 'bullets_missing_citations' Γöé 3       Γöé 'no'  Γöé 1        Γöé 0        Γöé 16   Γöé 4857  Γöé
Γöé 22      Γöé 5   Γöé 'blockers'       Γöé 'PASS' Γöé ''                          Γöé 3       Γöé 'yes' Γöé 2        Γöé 0        Γöé 16   Γöé 6225  Γöé
Γöé 23      Γöé 5   Γöé 'biggest_risk'   Γöé 'PASS' Γöé ''                          Γöé 3       Γöé 'yes' Γöé 2        Γöé 0        Γöé 14   Γöé 6427  Γöé
Γöé 24      Γöé 5   Γöé 'roadmap'        Γöé 'PASS' Γöé ''                          Γöé 5       Γöé 'yes' Γöé 2        Γöé 0        Γöé 8    Γöé 7914  Γöé
Γöé 25      Γöé 6   Γöé 'hi'             Γöé 'PASS' Γöé ''                          Γöé 0       Γöé 'no'  Γöé 0        Γöé 0        Γöé 0    Γöé 16    Γöé
Γöé 26      Γöé 6   Γöé 'owner_deadline' Γöé 'PASS' Γöé ''                          Γöé 5       Γöé 'yes' Γöé 2        Γöé 0        Γöé 16   Γöé 4654  Γöé
Γöé 27      Γöé 6   Γöé 'blockers'       Γöé 'PASS' Γöé ''                          Γöé 3       Γöé 'yes' Γöé 2        Γöé 0        Γöé 16   Γöé 3250  Γöé
Γöé 28      Γöé 6   Γöé 'biggest_risk'   Γöé 'PASS' Γöé ''                          Γöé 3       Γöé 'yes' Γöé 2        Γöé 0        Γöé 14   Γöé 6336  Γöé
Γöé 29      Γöé 6   Γöé 'roadmap'        Γöé 'PASS' Γöé ''                          Γöé 5       Γöé 'yes' Γöé 2        Γöé 0        Γöé 8    Γöé 8538  Γöé
Γöé 30      Γöé 7   Γöé 'hi'             Γöé 'PASS' Γöé ''                          Γöé 0       Γöé 'no'  Γöé 0        Γöé 0        Γöé 0    Γöé 18    Γöé
Γöé 31      Γöé 7   Γöé 'owner_deadline' Γöé 'FAIL' Γöé 'bullets_missing_citations' Γöé 3       Γöé 'no'  Γöé 1        Γöé 0        Γöé 16   Γöé 6483  Γöé
Γöé 32      Γöé 7   Γöé 'blockers'       Γöé 'PASS' Γöé ''                          Γöé 1       Γöé 'yes' Γöé 1        Γöé 0        Γöé 16   Γöé 4459  Γöé
Γöé 33      Γöé 7   Γöé 'biggest_risk'   Γöé 'PASS' Γöé ''                          Γöé 3       Γöé 'yes' Γöé 2        Γöé 0        Γöé 14   Γöé 5458  Γöé
Γöé 34      Γöé 7   Γöé 'roadmap'        Γöé 'PASS' Γöé ''                          Γöé 5       Γöé 'yes' Γöé 2        Γöé 0        Γöé 8    Γöé 9447  Γöé
Γöé 35      Γöé 8   Γöé 'hi'             Γöé 'PASS' Γöé ''                          Γöé 0       Γöé 'no'  Γöé 0        Γöé 0        Γöé 0    Γöé 17    Γöé
Γöé 36      Γöé 8   Γöé 'owner_deadline' Γöé 'FAIL' Γöé 'bullets_missing_citations' Γöé 3       Γöé 'no'  Γöé 1        Γöé 0        Γöé 16   Γöé 5985  Γöé
Γöé 37      Γöé 8   Γöé 'blockers'       Γöé 'PASS' Γöé ''                          Γöé 3       Γöé 'yes' Γöé 2        Γöé 0        Γöé 16   Γöé 4821  Γöé
Γöé 38      Γöé 8   Γöé 'biggest_risk'   Γöé 'PASS' Γöé ''                          Γöé 3       Γöé 'yes' Γöé 2        Γöé 0        Γöé 14   Γöé 7411  Γöé
Γöé 39      Γöé 8   Γöé 'roadmap'        Γöé 'PASS' Γöé ''                          Γöé 5       Γöé 'yes' Γöé 2        Γöé 0        Γöé 8    Γöé 9831  Γöé
Γöé 40      Γöé 9   Γöé 'hi'             Γöé 'PASS' Γöé ''                          Γöé 0       Γöé 'no'  Γöé 0        Γöé 0        Γöé 0    Γöé 16    Γöé
Γöé 41      Γöé 9   Γöé 'owner_deadline' Γöé 'PASS' Γöé ''                          Γöé 5       Γöé 'yes' Γöé 2        Γöé 0        Γöé 16   Γöé 6513  Γöé
Γöé 42      Γöé 9   Γöé 'blockers'       Γöé 'PASS' Γöé ''                          Γöé 3       Γöé 'yes' Γöé 2        Γöé 0        Γöé 16   Γöé 4303  Γöé
Γöé 43      Γöé 9   Γöé 'biggest_risk'   Γöé 'PASS' Γöé ''                          Γöé 3       Γöé 'yes' Γöé 2        Γöé 0        Γöé 14   Γöé 6481  Γöé
Γöé 44      Γöé 9   Γöé 'roadmap'        Γöé 'PASS' Γöé ''                          Γöé 5       Γöé 'yes' Γöé 2        Γöé 0        Γöé 8    Γöé 8343  Γöé
Γöé 45      Γöé 10  Γöé 'hi'             Γöé 'PASS' Γöé ''                          Γöé 0       Γöé 'no'  Γöé 0        Γöé 0        Γöé 0    Γöé 16    Γöé
Γöé 46      Γöé 10  Γöé 'owner_deadline' Γöé 'PASS' Γöé ''                          Γöé 5       Γöé 'yes' Γöé 2        Γöé 0        Γöé 16   Γöé 5209  Γöé
Γöé 47      Γöé 10  Γöé 'blockers'       Γöé 'PASS' Γöé ''                          Γöé 3       Γöé 'yes' Γöé 2        Γöé 0        Γöé 16   Γöé 4036  Γöé
Γöé 48      Γöé 10  Γöé 'biggest_risk'   Γöé 'PASS' Γöé ''                          Γöé 3       Γöé 'yes' Γöé 2        Γöé 0        Γöé 14   Γöé 7124  Γöé
Γöé 49      Γöé 10  Γöé 'roadmap'        Γöé 'PASS' Γöé ''                          Γöé 5       Γöé 'yes' Γöé 2        Γöé 0        Γöé 8    Γöé 7938  Γöé
ΓööΓöÇΓöÇΓöÇΓöÇΓöÇΓöÇΓöÇΓöÇΓöÇΓö┤ΓöÇΓöÇΓöÇΓöÇΓöÇΓö┤ΓöÇΓöÇΓöÇΓöÇΓöÇΓöÇΓöÇΓöÇΓöÇΓöÇΓöÇΓöÇΓöÇΓöÇΓöÇΓöÇΓöÇΓöÇΓö┤ΓöÇΓöÇΓöÇΓöÇΓöÇΓöÇΓöÇΓöÇΓö┤ΓöÇΓöÇΓöÇΓöÇΓöÇΓöÇΓöÇΓöÇΓöÇΓöÇΓöÇΓöÇΓöÇΓöÇΓöÇΓöÇΓöÇΓöÇΓöÇΓöÇΓöÇΓöÇΓöÇΓöÇΓöÇΓöÇΓöÇΓöÇΓöÇΓö┤ΓöÇΓöÇΓöÇΓöÇΓöÇΓöÇΓöÇΓöÇΓöÇΓö┤ΓöÇΓöÇΓöÇΓöÇΓöÇΓöÇΓöÇΓö┤ΓöÇΓöÇΓöÇΓöÇΓöÇΓöÇΓöÇΓöÇΓöÇΓöÇΓö┤ΓöÇΓöÇΓöÇΓöÇΓöÇΓöÇΓöÇΓöÇΓöÇΓöÇΓö┤ΓöÇΓöÇΓöÇΓöÇΓöÇΓöÇΓö┤ΓöÇΓöÇΓöÇΓöÇΓöÇΓöÇΓöÇΓöÿ

=== RETRIEVAL + EVIDENCE DIAGNOSTICS ===
ΓöîΓöÇΓöÇΓöÇΓöÇΓöÇΓöÇΓöÇΓöÇΓöÇΓö¼ΓöÇΓöÇΓöÇΓöÇΓöÇΓöÇΓöÇΓöÇΓöÇΓöÇΓöÇΓöÇΓöÇΓöÇΓöÇΓöÇΓöÇΓöÇΓö¼ΓöÇΓöÇΓöÇΓöÇΓöÇΓöÇΓöÇΓöÇΓö¼ΓöÇΓöÇΓöÇΓöÇΓöÇΓöÇΓöÇΓö¼ΓöÇΓöÇΓöÇΓöÇΓöÇΓöÇΓöÇΓö¼ΓöÇΓöÇΓöÇΓöÇΓöÇΓöÇΓöÇΓö¼ΓöÇΓöÇΓöÇΓöÇΓöÇΓöÇΓöÇΓö¼ΓöÇΓöÇΓöÇΓöÇΓöÇΓöÇΓö¼ΓöÇΓöÇΓöÇΓöÇΓöÇΓöÇΓöÇΓöÇΓöÇΓö¼ΓöÇΓöÇΓöÇΓöÇΓöÇΓöÇΓöÇΓöÇΓöÇΓö¼ΓöÇΓöÇΓöÇΓöÇΓöÇΓöÇΓöÇΓöÇΓö¼ΓöÇΓöÇΓöÇΓöÇΓöÇΓöÇΓöÇΓö¼ΓöÇΓöÇΓöÇΓöÇΓöÇΓöÇΓöÇΓö¼ΓöÇΓöÇΓöÇΓöÇΓöÇΓöÇΓöÇΓöÇΓöÉ
Γöé (index) Γöé query            Γöé intent Γöé retMs Γöé genMs Γöé totMs Γöé cands Γöé topK Γöé srcRetr Γöé srcCite Γöé evKeys Γöé sects Γöé facts Γöé fallbk Γöé
Γö£ΓöÇΓöÇΓöÇΓöÇΓöÇΓöÇΓöÇΓöÇΓöÇΓö╝ΓöÇΓöÇΓöÇΓöÇΓöÇΓöÇΓöÇΓöÇΓöÇΓöÇΓöÇΓöÇΓöÇΓöÇΓöÇΓöÇΓöÇΓöÇΓö╝ΓöÇΓöÇΓöÇΓöÇΓöÇΓöÇΓöÇΓöÇΓö╝ΓöÇΓöÇΓöÇΓöÇΓöÇΓöÇΓöÇΓö╝ΓöÇΓöÇΓöÇΓöÇΓöÇΓöÇΓöÇΓö╝ΓöÇΓöÇΓöÇΓöÇΓöÇΓöÇΓöÇΓö╝ΓöÇΓöÇΓöÇΓöÇΓöÇΓöÇΓöÇΓö╝ΓöÇΓöÇΓöÇΓöÇΓöÇΓöÇΓö╝ΓöÇΓöÇΓöÇΓöÇΓöÇΓöÇΓöÇΓöÇΓöÇΓö╝ΓöÇΓöÇΓöÇΓöÇΓöÇΓöÇΓöÇΓöÇΓöÇΓö╝ΓöÇΓöÇΓöÇΓöÇΓöÇΓöÇΓöÇΓöÇΓö╝ΓöÇΓöÇΓöÇΓöÇΓöÇΓöÇΓöÇΓö╝ΓöÇΓöÇΓöÇΓöÇΓöÇΓöÇΓöÇΓö╝ΓöÇΓöÇΓöÇΓöÇΓöÇΓöÇΓöÇΓöÇΓöñ
Γöé 0       Γöé 'hi'             Γöé '-'    Γöé 0     Γöé 0     Γöé 21    Γöé 0     Γöé 0    Γöé 0       Γöé 0       Γöé 0      Γöé 0     Γöé 0     Γöé ''     Γöé
Γöé 1       Γöé 'owner_deadline' Γöé '-'    Γöé 0     Γöé 0     Γöé 5373  Γöé 0     Γöé 16   Γöé 0       Γöé 1       Γöé 1      Γöé 0     Γöé 0     Γöé ''     Γöé
Γöé 2       Γöé 'blockers'       Γöé '-'    Γöé 0     Γöé 0     Γöé 3377  Γöé 0     Γöé 16   Γöé 0       Γöé 1       Γöé 1      Γöé 0     Γöé 0     Γöé ''     Γöé
Γöé 3       Γöé 'biggest_risk'   Γöé '-'    Γöé 0     Γöé 0     Γöé 7653  Γöé 0     Γöé 14   Γöé 0       Γöé 2       Γöé 2      Γöé 1     Γöé 1     Γöé ''     Γöé
Γöé 4       Γöé 'roadmap'        Γöé '-'    Γöé 0     Γöé 0     Γöé 7010  Γöé 0     Γöé 8    Γöé 0       Γöé 2       Γöé 2      Γöé 0     Γöé 0     Γöé ''     Γöé
Γöé 5       Γöé 'hi'             Γöé '-'    Γöé 0     Γöé 0     Γöé 15    Γöé 0     Γöé 0    Γöé 0       Γöé 0       Γöé 0      Γöé 0     Γöé 0     Γöé ''     Γöé
Γöé 6       Γöé 'owner_deadline' Γöé '-'    Γöé 0     Γöé 0     Γöé 4708  Γöé 0     Γöé 16   Γöé 0       Γöé 2       Γöé 2      Γöé 0     Γöé 0     Γöé ''     Γöé
Γöé 7       Γöé 'blockers'       Γöé '-'    Γöé 0     Γöé 0     Γöé 6523  Γöé 0     Γöé 16   Γöé 0       Γöé 2       Γöé 2      Γöé 0     Γöé 0     Γöé ''     Γöé
Γöé 8       Γöé 'biggest_risk'   Γöé '-'    Γöé 0     Γöé 0     Γöé 6933  Γöé 0     Γöé 14   Γöé 0       Γöé 2       Γöé 2      Γöé 1     Γöé 1     Γöé ''     Γöé
Γöé 9       Γöé 'roadmap'        Γöé '-'    Γöé 0     Γöé 0     Γöé 10370 Γöé 0     Γöé 8    Γöé 0       Γöé 2       Γöé 2      Γöé 0     Γöé 0     Γöé ''     Γöé
Γöé 10      Γöé 'hi'             Γöé '-'    Γöé 0     Γöé 0     Γöé 16    Γöé 0     Γöé 0    Γöé 0       Γöé 0       Γöé 0      Γöé 0     Γöé 0     Γöé ''     Γöé
Γöé 11      Γöé 'owner_deadline' Γöé '-'    Γöé 0     Γöé 0     Γöé 5535  Γöé 0     Γöé 16   Γöé 0       Γöé 1       Γöé 1      Γöé 0     Γöé 0     Γöé ''     Γöé
Γöé 12      Γöé 'blockers'       Γöé '-'    Γöé 0     Γöé 0     Γöé 3804  Γöé 0     Γöé 16   Γöé 0       Γöé 2       Γöé 2      Γöé 0     Γöé 0     Γöé ''     Γöé
Γöé 13      Γöé 'biggest_risk'   Γöé '-'    Γöé 0     Γöé 0     Γöé 6912  Γöé 0     Γöé 14   Γöé 0       Γöé 2       Γöé 2      Γöé 1     Γöé 1     Γöé ''     Γöé
Γöé 14      Γöé 'roadmap'        Γöé '-'    Γöé 0     Γöé 0     Γöé 8726  Γöé 0     Γöé 8    Γöé 0       Γöé 2       Γöé 2      Γöé 0     Γöé 0     Γöé ''     Γöé
Γöé 15      Γöé 'hi'             Γöé '-'    Γöé 0     Γöé 0     Γöé 17    Γöé 0     Γöé 0    Γöé 0       Γöé 0       Γöé 0      Γöé 0     Γöé 0     Γöé ''     Γöé
Γöé 16      Γöé 'owner_deadline' Γöé '-'    Γöé 0     Γöé 0     Γöé 6976  Γöé 0     Γöé 16   Γöé 0       Γöé 1       Γöé 1      Γöé 0     Γöé 0     Γöé ''     Γöé
Γöé 17      Γöé 'blockers'       Γöé '-'    Γöé 0     Γöé 0     Γöé 3355  Γöé 0     Γöé 16   Γöé 0       Γöé 2       Γöé 2      Γöé 0     Γöé 0     Γöé ''     Γöé
Γöé 18      Γöé 'biggest_risk'   Γöé '-'    Γöé 0     Γöé 0     Γöé 6222  Γöé 0     Γöé 14   Γöé 0       Γöé 2       Γöé 2      Γöé 1     Γöé 1     Γöé ''     Γöé
Γöé 19      Γöé 'roadmap'        Γöé '-'    Γöé 0     Γöé 0     Γöé 8935  Γöé 0     Γöé 8    Γöé 0       Γöé 2       Γöé 2      Γöé 0     Γöé 0     Γöé ''     Γöé
Γöé 20      Γöé 'hi'             Γöé '-'    Γöé 0     Γöé 0     Γöé 15    Γöé 0     Γöé 0    Γöé 0       Γöé 0       Γöé 0      Γöé 0     Γöé 0     Γöé ''     Γöé
Γöé 21      Γöé 'owner_deadline' Γöé '-'    Γöé 0     Γöé 0     Γöé 4857  Γöé 0     Γöé 16   Γöé 0       Γöé 1       Γöé 1      Γöé 0     Γöé 0     Γöé ''     Γöé
Γöé 22      Γöé 'blockers'       Γöé '-'    Γöé 0     Γöé 0     Γöé 6225  Γöé 0     Γöé 16   Γöé 0       Γöé 2       Γöé 2      Γöé 0     Γöé 0     Γöé ''     Γöé
Γöé 23      Γöé 'biggest_risk'   Γöé '-'    Γöé 0     Γöé 0     Γöé 6427  Γöé 0     Γöé 14   Γöé 0       Γöé 2       Γöé 2      Γöé 1     Γöé 1     Γöé ''     Γöé
Γöé 24      Γöé 'roadmap'        Γöé '-'    Γöé 0     Γöé 0     Γöé 7914  Γöé 0     Γöé 8    Γöé 0       Γöé 2       Γöé 2      Γöé 0     Γöé 0     Γöé ''     Γöé
Γöé 25      Γöé 'hi'             Γöé '-'    Γöé 0     Γöé 0     Γöé 16    Γöé 0     Γöé 0    Γöé 0       Γöé 0       Γöé 0      Γöé 0     Γöé 0     Γöé ''     Γöé
Γöé 26      Γöé 'owner_deadline' Γöé '-'    Γöé 0     Γöé 0     Γöé 4654  Γöé 0     Γöé 16   Γöé 0       Γöé 2       Γöé 2      Γöé 0     Γöé 0     Γöé ''     Γöé
Γöé 27      Γöé 'blockers'       Γöé '-'    Γöé 0     Γöé 0     Γöé 3250  Γöé 0     Γöé 16   Γöé 0       Γöé 2       Γöé 2      Γöé 0     Γöé 0     Γöé ''     Γöé
Γöé 28      Γöé 'biggest_risk'   Γöé '-'    Γöé 0     Γöé 0     Γöé 6336  Γöé 0     Γöé 14   Γöé 0       Γöé 2       Γöé 2      Γöé 1     Γöé 1     Γöé ''     Γöé
Γöé 29      Γöé 'roadmap'        Γöé '-'    Γöé 0     Γöé 0     Γöé 8538  Γöé 0     Γöé 8    Γöé 0       Γöé 2       Γöé 2      Γöé 0     Γöé 0     Γöé ''     Γöé
Γöé 30      Γöé 'hi'             Γöé '-'    Γöé 0     Γöé 0     Γöé 18    Γöé 0     Γöé 0    Γöé 0       Γöé 0       Γöé 0      Γöé 0     Γöé 0     Γöé ''     Γöé
Γöé 31      Γöé 'owner_deadline' Γöé '-'    Γöé 0     Γöé 0     Γöé 6483  Γöé 0     Γöé 16   Γöé 0       Γöé 1       Γöé 1      Γöé 0     Γöé 0     Γöé ''     Γöé
Γöé 32      Γöé 'blockers'       Γöé '-'    Γöé 0     Γöé 0     Γöé 4459  Γöé 0     Γöé 16   Γöé 0       Γöé 1       Γöé 1      Γöé 0     Γöé 0     Γöé ''     Γöé
Γöé 33      Γöé 'biggest_risk'   Γöé '-'    Γöé 0     Γöé 0     Γöé 5458  Γöé 0     Γöé 14   Γöé 0       Γöé 2       Γöé 2      Γöé 1     Γöé 1     Γöé ''     Γöé
Γöé 34      Γöé 'roadmap'        Γöé '-'    Γöé 0     Γöé 0     Γöé 9447  Γöé 0     Γöé 8    Γöé 0       Γöé 2       Γöé 2      Γöé 0     Γöé 0     Γöé ''     Γöé
Γöé 35      Γöé 'hi'             Γöé '-'    Γöé 0     Γöé 0     Γöé 17    Γöé 0     Γöé 0    Γöé 0       Γöé 0       Γöé 0      Γöé 0     Γöé 0     Γöé ''     Γöé
Γöé 36      Γöé 'owner_deadline' Γöé '-'    Γöé 0     Γöé 0     Γöé 5985  Γöé 0     Γöé 16   Γöé 0       Γöé 1       Γöé 1      Γöé 0     Γöé 0     Γöé ''     Γöé
Γöé 37      Γöé 'blockers'       Γöé '-'    Γöé 0     Γöé 0     Γöé 4821  Γöé 0     Γöé 16   Γöé 0       Γöé 2       Γöé 2      Γöé 0     Γöé 0     Γöé ''     Γöé
Γöé 38      Γöé 'biggest_risk'   Γöé '-'    Γöé 0     Γöé 0     Γöé 7411  Γöé 0     Γöé 14   Γöé 0       Γöé 2       Γöé 2      Γöé 1     Γöé 1     Γöé ''     Γöé
Γöé 39      Γöé 'roadmap'        Γöé '-'    Γöé 0     Γöé 0     Γöé 9831  Γöé 0     Γöé 8    Γöé 0       Γöé 2       Γöé 2      Γöé 0     Γöé 0     Γöé ''     Γöé
Γöé 40      Γöé 'hi'             Γöé '-'    Γöé 0     Γöé 0     Γöé 16    Γöé 0     Γöé 0    Γöé 0       Γöé 0       Γöé 0      Γöé 0     Γöé 0     Γöé ''     Γöé
Γöé 41      Γöé 'owner_deadline' Γöé '-'    Γöé 0     Γöé 0     Γöé 6513  Γöé 0     Γöé 16   Γöé 0       Γöé 2       Γöé 2      Γöé 0     Γöé 0     Γöé ''     Γöé
Γöé 42      Γöé 'blockers'       Γöé '-'    Γöé 0     Γöé 0     Γöé 4303  Γöé 0     Γöé 16   Γöé 0       Γöé 2       Γöé 2      Γöé 0     Γöé 0     Γöé ''     Γöé
Γöé 43      Γöé 'biggest_risk'   Γöé '-'    Γöé 0     Γöé 0     Γöé 6481  Γöé 0     Γöé 14   Γöé 0       Γöé 2       Γöé 2      Γöé 1     Γöé 1     Γöé ''     Γöé
Γöé 44      Γöé 'roadmap'        Γöé '-'    Γöé 0     Γöé 0     Γöé 8343  Γöé 0     Γöé 8    Γöé 0       Γöé 2       Γöé 2      Γöé 0     Γöé 0     Γöé ''     Γöé
Γöé 45      Γöé 'hi'             Γöé '-'    Γöé 0     Γöé 0     Γöé 16    Γöé 0     Γöé 0    Γöé 0       Γöé 0       Γöé 0      Γöé 0     Γöé 0     Γöé ''     Γöé
Γöé 46      Γöé 'owner_deadline' Γöé '-'    Γöé 0     Γöé 0     Γöé 5209  Γöé 0     Γöé 16   Γöé 0       Γöé 2       Γöé 2      Γöé 0     Γöé 0     Γöé ''     Γöé
Γöé 47      Γöé 'blockers'       Γöé '-'    Γöé 0     Γöé 0     Γöé 4036  Γöé 0     Γöé 16   Γöé 0       Γöé 2       Γöé 2      Γöé 0     Γöé 0     Γöé ''     Γöé
Γöé 48      Γöé 'biggest_risk'   Γöé '-'    Γöé 0     Γöé 0     Γöé 7124  Γöé 0     Γöé 14   Γöé 0       Γöé 2       Γöé 2      Γöé 1     Γöé 1     Γöé ''     Γöé
Γöé 49      Γöé 'roadmap'        Γöé '-'    Γöé 0     Γöé 0     Γöé 7938  Γöé 0     Γöé 8    Γöé 0       Γöé 2       Γöé 2      Γöé 0     Γöé 0     Γöé ''     Γöé
ΓööΓöÇΓöÇΓöÇΓöÇΓöÇΓöÇΓöÇΓöÇΓöÇΓö┤ΓöÇΓöÇΓöÇΓöÇΓöÇΓöÇΓöÇΓöÇΓöÇΓöÇΓöÇΓöÇΓöÇΓöÇΓöÇΓöÇΓöÇΓöÇΓö┤ΓöÇΓöÇΓöÇΓöÇΓöÇΓöÇΓöÇΓöÇΓö┤ΓöÇΓöÇΓöÇΓöÇΓöÇΓöÇΓöÇΓö┤ΓöÇΓöÇΓöÇΓöÇΓöÇΓöÇΓöÇΓö┤ΓöÇΓöÇΓöÇΓöÇΓöÇΓöÇΓöÇΓö┤ΓöÇΓöÇΓöÇΓöÇΓöÇΓöÇΓöÇΓö┤ΓöÇΓöÇΓöÇΓöÇΓöÇΓöÇΓö┤ΓöÇΓöÇΓöÇΓöÇΓöÇΓöÇΓöÇΓöÇΓöÇΓö┤ΓöÇΓöÇΓöÇΓöÇΓöÇΓöÇΓöÇΓöÇΓöÇΓö┤ΓöÇΓöÇΓöÇΓöÇΓöÇΓöÇΓöÇΓöÇΓö┤ΓöÇΓöÇΓöÇΓöÇΓöÇΓöÇΓöÇΓö┤ΓöÇΓöÇΓöÇΓöÇΓöÇΓöÇΓöÇΓö┤ΓöÇΓöÇΓöÇΓöÇΓöÇΓöÇΓöÇΓöÇΓöÿ

Summary: 44/50 passed | elapsed=406241ms
Report written: C:\Users\Lenovo\AppData\Local\Temp\rag_quality\rag_quality_report.json
Per-query artifacts: C:\Users\Lenovo\AppData\Local\Temp\rag_quality\rag_quality_runs/
