
=== RAG QUALITY GATE ===
ΓöîΓöÇΓöÇΓöÇΓöÇΓöÇΓöÇΓöÇΓöÇΓöÇΓö¼ΓöÇΓöÇΓöÇΓöÇΓöÇΓö¼ΓöÇΓöÇΓöÇΓöÇΓöÇΓöÇΓöÇΓöÇΓöÇΓöÇΓöÇΓöÇΓöÇΓöÇΓöÇΓöÇΓöÇΓöÇΓö¼ΓöÇΓöÇΓöÇΓöÇΓöÇΓöÇΓöÇΓöÇΓö¼ΓöÇΓöÇΓöÇΓöÇΓöÇΓöÇΓöÇΓöÇΓö¼ΓöÇΓöÇΓöÇΓöÇΓöÇΓöÇΓöÇΓöÇΓöÇΓö¼ΓöÇΓöÇΓöÇΓöÇΓöÇΓöÇΓöÇΓö¼ΓöÇΓöÇΓöÇΓöÇΓöÇΓöÇΓöÇΓöÇΓöÇΓöÇΓö¼ΓöÇΓöÇΓöÇΓöÇΓöÇΓöÇΓöÇΓöÇΓöÇΓöÇΓö¼ΓöÇΓöÇΓöÇΓöÇΓöÇΓöÇΓö¼ΓöÇΓöÇΓöÇΓöÇΓöÇΓöÇΓöÇΓöÉ
Γöé (index) Γöé run Γöé query            Γöé pass   Γöé reason Γöé bullets Γöé cited Γöé srcCited Γöé unusedEv Γöé topK Γöé latMs Γöé
Γö£ΓöÇΓöÇΓöÇΓöÇΓöÇΓöÇΓöÇΓöÇΓöÇΓö╝ΓöÇΓöÇΓöÇΓöÇΓöÇΓö╝ΓöÇΓöÇΓöÇΓöÇΓöÇΓöÇΓöÇΓöÇΓöÇΓöÇΓöÇΓöÇΓöÇΓöÇΓöÇΓöÇΓöÇΓöÇΓö╝ΓöÇΓöÇΓöÇΓöÇΓöÇΓöÇΓöÇΓöÇΓö╝ΓöÇΓöÇΓöÇΓöÇΓöÇΓöÇΓöÇΓöÇΓö╝ΓöÇΓöÇΓöÇΓöÇΓöÇΓöÇΓöÇΓöÇΓöÇΓö╝ΓöÇΓöÇΓöÇΓöÇΓöÇΓöÇΓöÇΓö╝ΓöÇΓöÇΓöÇΓöÇΓöÇΓöÇΓöÇΓöÇΓöÇΓöÇΓö╝ΓöÇΓöÇΓöÇΓöÇΓöÇΓöÇΓöÇΓöÇΓöÇΓöÇΓö╝ΓöÇΓöÇΓöÇΓöÇΓöÇΓöÇΓö╝ΓöÇΓöÇΓöÇΓöÇΓöÇΓöÇΓöÇΓöñ
Γöé 0       Γöé 1   Γöé 'hi'             Γöé 'PASS' Γöé ''     Γöé 0       Γöé 'no'  Γöé 0        Γöé 0        Γöé 0    Γöé 191   Γöé
Γöé 1       Γöé 1   Γöé 'owner_deadline' Γöé 'PASS' Γöé ''     Γöé 5       Γöé 'yes' Γöé 2        Γöé 0        Γöé 16   Γöé 47045 Γöé
Γöé 2       Γöé 1   Γöé 'blockers'       Γöé 'PASS' Γöé ''     Γöé 3       Γöé 'yes' Γöé 2        Γöé 0        Γöé 16   Γöé 3857  Γöé
Γöé 3       Γöé 1   Γöé 'biggest_risk'   Γöé 'PASS' Γöé ''     Γöé 3       Γöé 'yes' Γöé 2        Γöé 0        Γöé 14   Γöé 6873  Γöé
Γöé 4       Γöé 1   Γöé 'roadmap'        Γöé 'PASS' Γöé ''     Γöé 5       Γöé 'yes' Γöé 2        Γöé 0        Γöé 8    Γöé 9384  Γöé
Γöé 5       Γöé 2   Γöé 'hi'             Γöé 'PASS' Γöé ''     Γöé 0       Γöé 'no'  Γöé 0        Γöé 0        Γöé 0    Γöé 16    Γöé
Γöé 6       Γöé 2   Γöé 'owner_deadline' Γöé 'PASS' Γöé ''     Γöé 5       Γöé 'yes' Γöé 2        Γöé 0        Γöé 16   Γöé 4998  Γöé
Γöé 7       Γöé 2   Γöé 'blockers'       Γöé 'PASS' Γöé ''     Γöé 3       Γöé 'yes' Γöé 2        Γöé 0        Γöé 16   Γöé 2883  Γöé
Γöé 8       Γöé 2   Γöé 'biggest_risk'   Γöé 'PASS' Γöé ''     Γöé 3       Γöé 'yes' Γöé 2        Γöé 0        Γöé 14   Γöé 5176  Γöé
Γöé 9       Γöé 2   Γöé 'roadmap'        Γöé 'PASS' Γöé ''     Γöé 5       Γöé 'yes' Γöé 2        Γöé 0        Γöé 8    Γöé 8730  Γöé
Γöé 10      Γöé 3   Γöé 'hi'             Γöé 'PASS' Γöé ''     Γöé 0       Γöé 'no'  Γöé 0        Γöé 0        Γöé 0    Γöé 17    Γöé
Γöé 11      Γöé 3   Γöé 'owner_deadline' Γöé 'PASS' Γöé ''     Γöé 5       Γöé 'yes' Γöé 2        Γöé 0        Γöé 16   Γöé 4510  Γöé
Γöé 12      Γöé 3   Γöé 'blockers'       Γöé 'PASS' Γöé ''     Γöé 3       Γöé 'yes' Γöé 2        Γöé 0        Γöé 16   Γöé 5867  Γöé
Γöé 13      Γöé 3   Γöé 'biggest_risk'   Γöé 'PASS' Γöé ''     Γöé 3       Γöé 'yes' Γöé 2        Γöé 0        Γöé 14   Γöé 6540  Γöé
Γöé 14      Γöé 3   Γöé 'roadmap'        Γöé 'PASS' Γöé ''     Γöé 5       Γöé 'yes' Γöé 2        Γöé 0        Γöé 8    Γöé 9773  Γöé
ΓööΓöÇΓöÇΓöÇΓöÇΓöÇΓöÇΓöÇΓöÇΓöÇΓö┤ΓöÇΓöÇΓöÇΓöÇΓöÇΓö┤ΓöÇΓöÇΓöÇΓöÇΓöÇΓöÇΓöÇΓöÇΓöÇΓöÇΓöÇΓöÇΓöÇΓöÇΓöÇΓöÇΓöÇΓöÇΓö┤ΓöÇΓöÇΓöÇΓöÇΓöÇΓöÇΓöÇΓöÇΓö┤ΓöÇΓöÇΓöÇΓöÇΓöÇΓöÇΓöÇΓöÇΓö┤ΓöÇΓöÇΓöÇΓöÇΓöÇΓöÇΓöÇΓöÇΓöÇΓö┤ΓöÇΓöÇΓöÇΓöÇΓöÇΓöÇΓöÇΓö┤ΓöÇΓöÇΓöÇΓöÇΓöÇΓöÇΓöÇΓöÇΓöÇΓöÇΓö┤ΓöÇΓöÇΓöÇΓöÇΓöÇΓöÇΓöÇΓöÇΓöÇΓöÇΓö┤ΓöÇΓöÇΓöÇΓöÇΓöÇΓöÇΓö┤ΓöÇΓöÇΓöÇΓöÇΓöÇΓöÇΓöÇΓöÿ

=== RETRIEVAL + EVIDENCE DIAGNOSTICS ===
ΓöîΓöÇΓöÇΓöÇΓöÇΓöÇΓöÇΓöÇΓöÇΓöÇΓö¼ΓöÇΓöÇΓöÇΓöÇΓöÇΓöÇΓöÇΓöÇΓöÇΓöÇΓöÇΓöÇΓöÇΓöÇΓöÇΓöÇΓöÇΓöÇΓö¼ΓöÇΓöÇΓöÇΓöÇΓöÇΓöÇΓöÇΓöÇΓö¼ΓöÇΓöÇΓöÇΓöÇΓöÇΓöÇΓöÇΓö¼ΓöÇΓöÇΓöÇΓöÇΓöÇΓöÇΓöÇΓö¼ΓöÇΓöÇΓöÇΓöÇΓöÇΓöÇΓöÇΓö¼ΓöÇΓöÇΓöÇΓöÇΓöÇΓöÇΓöÇΓö¼ΓöÇΓöÇΓöÇΓöÇΓöÇΓöÇΓö¼ΓöÇΓöÇΓöÇΓöÇΓöÇΓöÇΓöÇΓöÇΓöÇΓö¼ΓöÇΓöÇΓöÇΓöÇΓöÇΓöÇΓöÇΓöÇΓöÇΓö¼ΓöÇΓöÇΓöÇΓöÇΓöÇΓöÇΓöÇΓöÇΓö¼ΓöÇΓöÇΓöÇΓöÇΓöÇΓöÇΓöÇΓö¼ΓöÇΓöÇΓöÇΓöÇΓöÇΓöÇΓöÇΓö¼ΓöÇΓöÇΓöÇΓöÇΓöÇΓöÇΓöÇΓöÇΓöÉ
Γöé (index) Γöé query            Γöé intent Γöé retMs Γöé genMs Γöé totMs Γöé cands Γöé topK Γöé srcRetr Γöé srcCite Γöé evKeys Γöé sects Γöé facts Γöé fallbk Γöé
Γö£ΓöÇΓöÇΓöÇΓöÇΓöÇΓöÇΓöÇΓöÇΓöÇΓö╝ΓöÇΓöÇΓöÇΓöÇΓöÇΓöÇΓöÇΓöÇΓöÇΓöÇΓöÇΓöÇΓöÇΓöÇΓöÇΓöÇΓöÇΓöÇΓö╝ΓöÇΓöÇΓöÇΓöÇΓöÇΓöÇΓöÇΓöÇΓö╝ΓöÇΓöÇΓöÇΓöÇΓöÇΓöÇΓöÇΓö╝ΓöÇΓöÇΓöÇΓöÇΓöÇΓöÇΓöÇΓö╝ΓöÇΓöÇΓöÇΓöÇΓöÇΓöÇΓöÇΓö╝ΓöÇΓöÇΓöÇΓöÇΓöÇΓöÇΓöÇΓö╝ΓöÇΓöÇΓöÇΓöÇΓöÇΓöÇΓö╝ΓöÇΓöÇΓöÇΓöÇΓöÇΓöÇΓöÇΓöÇΓöÇΓö╝ΓöÇΓöÇΓöÇΓöÇΓöÇΓöÇΓöÇΓöÇΓöÇΓö╝ΓöÇΓöÇΓöÇΓöÇΓöÇΓöÇΓöÇΓöÇΓö╝ΓöÇΓöÇΓöÇΓöÇΓöÇΓöÇΓöÇΓö╝ΓöÇΓöÇΓöÇΓöÇΓöÇΓöÇΓöÇΓö╝ΓöÇΓöÇΓöÇΓöÇΓöÇΓöÇΓöÇΓöÇΓöñ
Γöé 0       Γöé 'hi'             Γöé '-'    Γöé 0     Γöé 0     Γöé 191   Γöé 0     Γöé 0    Γöé 0       Γöé 0       Γöé 0      Γöé 0     Γöé 0     Γöé ''     Γöé
Γöé 1       Γöé 'owner_deadline' Γöé '-'    Γöé 0     Γöé 0     Γöé 47045 Γöé 0     Γöé 16   Γöé 0       Γöé 2       Γöé 2      Γöé 0     Γöé 0     Γöé ''     Γöé
Γöé 2       Γöé 'blockers'       Γöé '-'    Γöé 0     Γöé 0     Γöé 3857  Γöé 0     Γöé 16   Γöé 0       Γöé 2       Γöé 2      Γöé 0     Γöé 0     Γöé ''     Γöé
Γöé 3       Γöé 'biggest_risk'   Γöé '-'    Γöé 0     Γöé 0     Γöé 6873  Γöé 0     Γöé 14   Γöé 0       Γöé 2       Γöé 2      Γöé 1     Γöé 1     Γöé ''     Γöé
Γöé 4       Γöé 'roadmap'        Γöé '-'    Γöé 0     Γöé 0     Γöé 9384  Γöé 0     Γöé 8    Γöé 0       Γöé 2       Γöé 2      Γöé 0     Γöé 0     Γöé ''     Γöé
Γöé 5       Γöé 'hi'             Γöé '-'    Γöé 0     Γöé 0     Γöé 16    Γöé 0     Γöé 0    Γöé 0       Γöé 0       Γöé 0      Γöé 0     Γöé 0     Γöé ''     Γöé
Γöé 6       Γöé 'owner_deadline' Γöé '-'    Γöé 0     Γöé 0     Γöé 4998  Γöé 0     Γöé 16   Γöé 0       Γöé 2       Γöé 2      Γöé 0     Γöé 0     Γöé ''     Γöé
Γöé 7       Γöé 'blockers'       Γöé '-'    Γöé 0     Γöé 0     Γöé 2883  Γöé 0     Γöé 16   Γöé 0       Γöé 2       Γöé 2      Γöé 0     Γöé 0     Γöé ''     Γöé
Γöé 8       Γöé 'biggest_risk'   Γöé '-'    Γöé 0     Γöé 0     Γöé 5176  Γöé 0     Γöé 14   Γöé 0       Γöé 2       Γöé 2      Γöé 1     Γöé 1     Γöé ''     Γöé
Γöé 9       Γöé 'roadmap'        Γöé '-'    Γöé 0     Γöé 0     Γöé 8730  Γöé 0     Γöé 8    Γöé 0       Γöé 2       Γöé 2      Γöé 0     Γöé 0     Γöé ''     Γöé
Γöé 10      Γöé 'hi'             Γöé '-'    Γöé 0     Γöé 0     Γöé 17    Γöé 0     Γöé 0    Γöé 0       Γöé 0       Γöé 0      Γöé 0     Γöé 0     Γöé ''     Γöé
Γöé 11      Γöé 'owner_deadline' Γöé '-'    Γöé 0     Γöé 0     Γöé 4510  Γöé 0     Γöé 16   Γöé 0       Γöé 2       Γöé 2      Γöé 0     Γöé 0     Γöé ''     Γöé
Γöé 12      Γöé 'blockers'       Γöé '-'    Γöé 0     Γöé 0     Γöé 5867  Γöé 0     Γöé 16   Γöé 0       Γöé 2       Γöé 2      Γöé 0     Γöé 0     Γöé ''     Γöé
Γöé 13      Γöé 'biggest_risk'   Γöé '-'    Γöé 0     Γöé 0     Γöé 6540  Γöé 0     Γöé 14   Γöé 0       Γöé 2       Γöé 2      Γöé 1     Γöé 1     Γöé ''     Γöé
Γöé 14      Γöé 'roadmap'        Γöé '-'    Γöé 0     Γöé 0     Γöé 9773  Γöé 0     Γöé 8    Γöé 0       Γöé 2       Γöé 2      Γöé 0     Γöé 0     Γöé ''     Γöé
ΓööΓöÇΓöÇΓöÇΓöÇΓöÇΓöÇΓöÇΓöÇΓöÇΓö┤ΓöÇΓöÇΓöÇΓöÇΓöÇΓöÇΓöÇΓöÇΓöÇΓöÇΓöÇΓöÇΓöÇΓöÇΓöÇΓöÇΓöÇΓöÇΓö┤ΓöÇΓöÇΓöÇΓöÇΓöÇΓöÇΓöÇΓöÇΓö┤ΓöÇΓöÇΓöÇΓöÇΓöÇΓöÇΓöÇΓö┤ΓöÇΓöÇΓöÇΓöÇΓöÇΓöÇΓöÇΓö┤ΓöÇΓöÇΓöÇΓöÇΓöÇΓöÇΓöÇΓö┤ΓöÇΓöÇΓöÇΓöÇΓöÇΓöÇΓöÇΓö┤ΓöÇΓöÇΓöÇΓöÇΓöÇΓöÇΓö┤ΓöÇΓöÇΓöÇΓöÇΓöÇΓöÇΓöÇΓöÇΓöÇΓö┤ΓöÇΓöÇΓöÇΓöÇΓöÇΓöÇΓöÇΓöÇΓöÇΓö┤ΓöÇΓöÇΓöÇΓöÇΓöÇΓöÇΓöÇΓöÇΓö┤ΓöÇΓöÇΓöÇΓöÇΓöÇΓöÇΓöÇΓö┤ΓöÇΓöÇΓöÇΓöÇΓöÇΓöÇΓöÇΓö┤ΓöÇΓöÇΓöÇΓöÇΓöÇΓöÇΓöÇΓöÇΓöÿ

Summary: 15/15 passed | elapsed=161572ms
Report written: C:\Users\Lenovo\AppData\Local\Temp\rag_quality\rag_quality_report.json
Per-query artifacts: C:\Users\Lenovo\AppData\Local\Temp\rag_quality\rag_quality_runs/
