
> rest-express@1.0.0 dev
> cross-env NODE_ENV=development tsx server/index.ts

[DB] Connecting to Postgres: localhost:5433/fieldcopilot_test
[STARTUP] Initializing database connection...
[DB-STATS] Total: 0, Idle: 0, Waiting: 0
[STARTUP] Database connection ready
[db] host=localhost port=5433 db=fieldcopilot_test user=postgres
[STARTUP] Registering routes...
[STARTUP] Connector Registry Loaded. Allowed Canonical Types: [google, atlassian, slack, upload, voice]
[STARTUP] Background initialization of vector store starting...
[STARTUP] Skipping voice WebSocket server in development (set ENABLE_VOICE_WS_IN_DEV=1 to enable)
[STARTUP] All routes registered successfully
[STARTUP] Routes registered
[STARTUP] Setting up Vite dev server...
[STARTUP-BG] Found 5000 bounded active chunks. Initializing vector store...
[vectorstore] Initializing with 5000 chunks...
[vectorstore] Eager warm limited to 1200/5000 chunks (set RETRIEVAL_EAGER_WARM_LIMIT to tune).
[vectorstore] Found 1200 chunks to index. Starting background process...
[vectorstore] Starting indexing of 1200 chunks...
[vectorstore] Generating embeddings for 50 chunks in this batch... (This may take a while for the first run)
[STARTUP-BG] Vector store initialization complete
[Vite] Starting Vite setup...
[Vite] Resolving Vite config...
[Vite Config] Starting Vite config resolution...
[Vite Config] Vite config resolved
[Vite] Vite config resolved successfully
[Vite] Creating Vite server instance...
[Vite] Vite server instance created
[Vite] Vite server created, setting up middleware...
[Vite] Setting up catch-all route handler...
[Vite] Vite setup complete
[STARTUP] Vite dev server ready
11:11:30 AM [express] [routes] apiMounted=true
11:11:30 AM [express] serving on port 5000
11:11:30 AM [express] [oauth:google] client_id=266708...nt.com
11:11:30 AM [express] [oauth:google] redirect_uri=http://localhost:5000/api/oauth/google/callback
11:11:30 AM [express] [oauth:google] scopes=drive.readonly,userinfo.email,userinfo.profile
11:11:30 AM [express] [oauth:google] access_type=offline prompt=consent
11:11:30 AM [express] [db] DATABASE_URL=localhost:5433/fieldcopilot_test
[JobRunner] Starting worker worker-1d805536
[JobRunner] db host=localhost port=5433 db=fieldcopilot_test
11:11:30 AM [express] Job runner started

🚀 Server running at http://localhost:5000

[JobRunner] poll: pendingJobs=23, claimed=9fad1bc1-35ff-4fae-bac1-78a401d2f7bb
[JobRunner] Concurrency limit reached for upload/undefined, requeueing job 9fad1bc1-35ff-4fae-bac1-78a401d2f7bb
[JobRunner] poll: pendingJobs=23, claimed=6df0102d-82af-43f9-9758-e07b735b01e8
[JobRunner] Concurrency limit reached for upload/undefined, requeueing job 6df0102d-82af-43f9-9758-e07b735b01e8
11:11:40 AM [express] GET /api/health 200 in 10ms :: {"ok":true,"env":"development","ts":"2026-02-26T16:11:40.628Z","uptime":12,"heapUsedMB":85.6,"dbConnected":true,"indexingInProgress":true}
[JobRunner] poll: pendingJobs=23, claimed=218819d5-b8d2-4a23-9fbe-e7096547c07e
[JobRunner] Concurrency limit reached for upload/undefined, requeueing job 218819d5-b8d2-4a23-9fbe-e7096547c07e
[JobRunner] poll: pendingJobs=23, claimed=b627b799-2b75-457c-93c1-390dc47719bf
[JobRunner] Concurrency limit reached for upload/undefined, requeueing job b627b799-2b75-457c-93c1-390dc47719bf
[JobRunner] poll: pendingJobs=23, claimed=219693ec-ef33-49cf-a0e2-956677cd303d
[JobRunner] Concurrency limit reached for upload/undefined, requeueing job 219693ec-ef33-49cf-a0e2-956677cd303d
11:11:51 AM [express] GET /api/auth/csrf 200 in 2ms :: {"csrfToken":"8a18ec16-ca22-4c92-ab92-2038377ce063"}
[AUTH-DEBUG] Login attempt for email: admin@tracepilot.com
[STORAGE] validatePassword called for admin@tracepilot.com
[STORAGE] getUserByEmail returned: USER_FOUND
[STORAGE] Comparing password hash...
[STORAGE] Password valid: true
[AUTH-DEBUG] Credentials valid. Creating session for user: 814db98c-a699-4a42-8f87-a0f1592b6f31
[AUTH-DEBUG] Session cookie set. Returning match.
11:11:52 AM [express] POST /api/auth/login 200 in 69ms :: {"id":"814db98c-a699-4a42-8f87-a0f1592b6f31","email":"admin@tracepilot.com","role":"admin","csrfToken":"95ff4f65-cf9f-4739-9251-5cc3c5a4ba78"}
{"timestamp":"2026-02-26T16:11:52.389Z","level":"info","message":"chat_stream_start","context":{"traceId":"a503b35b-e2bb-4a7f-b245-4f5e6de5121d","userId":"814db98c-a699-4a42-8f87-a0f1592b6f31"}}
[Retrieval] Searching corpus: workspaceId=default-workspace, userId=814db98c-a699-4a42-8f87-a0f1592b6f31, scopeId=none, demoMode=1, demoAllowlist=1, maxCandidates=200
[Retrieval] Found 274 total sources in workspace, filtering by visibility...
[Retrieval] Candidate stats: lexicalCandidates=0 maxCandidates=200 totalInScope=51 allowedSources=6
[Retrieval] Source-diversity backfill: routed 6 sources have 0 lexical hits, fetching directly
[Retrieval] Source-diversity backfill: found 51 chunks from routed sources
[RetrievalCoverage] intent=GENERAL_QA candidateTypes=[okr_doc,architecture_doc,roadmap_doc,jira_ticket,team_directory,meeting_notes] routedTypes=[okr_doc,architecture_doc,roadmap_doc,jira_ticket,team_directory,meeting_notes] routedSources=6/6
[Retrieval] Memory: heapUsed=201MB candidates=51 totalInScope=51
[JobRunner] poll: pendingJobs=23, claimed=b0509b45-097b-4ba8-8945-58fb63491a9b
[JobRunner] Concurrency limit reached for upload/undefined, requeueing job b0509b45-097b-4ba8-8945-58fb63491a9b
[JobRunner] poll: pendingJobs=23, claimed=565b51f3-9bfc-45ea-8d16-05cd9df2da74
[JobRunner] Concurrency limit reached for upload/undefined, requeueing job 565b51f3-9bfc-45ea-8d16-05cd9df2da74
[JobRunner] poll: pendingJobs=23, claimed=39238e29-e6f3-4b41-b7de-79b00fb4e19a
[JobRunner] Concurrency limit reached for upload/undefined, requeueing job 39238e29-e6f3-4b41-b7de-79b00fb4e19a
[vectorstore] Indexed 500/1200 chunks...
[JobRunner] poll: pendingJobs=23, claimed=718c1357-fde4-420e-8dd2-af32a43a8445
[JobRunner] Concurrency limit reached for upload/undefined, requeueing job 718c1357-fde4-420e-8dd2-af32a43a8445
[JobRunner] poll: pendingJobs=23, claimed=746e3a06-d892-4254-a225-15d4117453b2
[JobRunner] Concurrency limit reached for upload/undefined, requeueing job 746e3a06-d892-4254-a225-15d4117453b2
[JobRunner] poll: pendingJobs=23, claimed=0906dbca-12de-4945-b3bb-cc0e4a983893
[JobRunner] Concurrency limit reached for upload/undefined, requeueing job 0906dbca-12de-4945-b3bb-cc0e4a983893
[JobRunner] poll: pendingJobs=23, claimed=221f0168-d76e-4647-9a38-9df0a36c0acd
[JobRunner] Concurrency limit reached for upload/undefined, requeueing job 221f0168-d76e-4647-9a38-9df0a36c0acd
[JobRunner] poll: pendingJobs=23, claimed=3ad0d388-5fee-4000-b78d-5c57eef4e1a8
[JobRunner] Concurrency limit reached for upload/undefined, requeueing job 3ad0d388-5fee-4000-b78d-5c57eef4e1a8
[JobRunner] poll: pendingJobs=23, claimed=02f7e7d8-8d37-4b66-a21a-54f8a4afd100
[JobRunner] Concurrency limit reached for upload/undefined, requeueing job 02f7e7d8-8d37-4b66-a21a-54f8a4afd100
[JobRunner] poll: pendingJobs=23, claimed=7c1a1b46-8794-4c3d-af92-59b0f7a3d52f
[JobRunner] Concurrency limit reached for upload/undefined, requeueing job 7c1a1b46-8794-4c3d-af92-59b0f7a3d52f
[vectorstore] Indexed 1000/1200 chunks...
[vectorstore] Memory: heapUsed=94MB
[JobRunner] poll: pendingJobs=23, claimed=32ae91dc-e62b-4bc1-8042-fe55b2385aff
[JobRunner] Concurrency limit reached for upload/undefined, requeueing job 32ae91dc-e62b-4bc1-8042-fe55b2385aff
[JobRunner] poll: pendingJobs=23, claimed=8050a871-267e-40f2-b1d6-7372b91b7cfd
[JobRunner] Concurrency limit reached for upload/undefined, requeueing job 8050a871-267e-40f2-b1d6-7372b91b7cfd
[JobRunner] poll: pendingJobs=23, claimed=203231e2-e767-4912-8ac1-84e9c34f1175
[JobRunner] Concurrency limit reached for upload/undefined, requeueing job 203231e2-e767-4912-8ac1-84e9c34f1175
11:13:00 AM [express] GET /api/auth/csrf 200 in 4ms :: {"csrfToken":"d0f1e47f-917a-41a5-84b0-dd9d78752934"}
[vectorstore] Indexed 1200/1200 chunks...
[vectorstore] Indexing complete. vectorStore.size=1200
[vectorstore] Sample stored IDs: ["fcbf2a2f-1254-49e2-8b56-f03ba366ea74","7f243163-713b-475d-9afe-fcc438ebf37b","32776dc3-8bd6-4b99-b075-df4a466f75d5"]
[AUTH-DEBUG] Login attempt for email: admin@tracepilot.com
[STORAGE] validatePassword called for admin@tracepilot.com
[STORAGE] getUserByEmail returned: USER_FOUND
[STORAGE] Comparing password hash...
[STORAGE] Password valid: true
[AUTH-DEBUG] Credentials valid. Creating session for user: 814db98c-a699-4a42-8f87-a0f1592b6f31
[AUTH-DEBUG] Session cookie set. Returning match.
11:13:01 AM [express] POST /api/auth/login 200 in 72ms :: {"id":"814db98c-a699-4a42-8f87-a0f1592b6f31","email":"admin@tracepilot.com","role":"admin","csrfToken":"348bd03c-ccb5-4a30-8baf-87e8376686ee"}
[JobRunner] Unlocked stale job 50be0fac-131e-4e3e-95ba-57a11e6a075a (was locked by worker-c22773f0)
[JobRunner] poll: pendingJobs=24, claimed=50be0fac-131e-4e3e-95ba-57a11e6a075a
[JobRunner] Concurrency limit reached for upload/undefined, requeueing job 50be0fac-131e-4e3e-95ba-57a11e6a075a
[vectorstore] 51/51 chunks missing embeddings, embedding on-the-fly (storeSize=1200)
[RAG] workspaceId=default-workspace scopeId=null query="xyzqprgblf7491mnv zwkbj9432fvmqz nxkp8731bwj xlpqr" primaryRetrieved=8 topScore=0.259 usedFallback=true finalRetrieved=12 finalTopK=8 uniqueSources=3
[streaming] TTFT (general): 71564ms for request a503b35b-e2bb-4a7f-b245-4f5e6de5121d
{"timestamp":"2026-02-26T16:13:04.774Z","level":"info","message":"chat_latency","context":{"traceId":"a503b35b-e2bb-4a7f-b245-4f5e6de5121d","retrievalMs":70764,"generationMs":1539,"totalMs":72322,"intent":"GENERAL","ttftMs":71564}}
[enqueue] job=63417557-5cfa-4aa7-99a4-d2088604c092 scope=null connector=null
[JobRunner] Enqueued job 63417557-5cfa-4aa7-99a4-d2088604c092 (score_reply)
{"timestamp":"2026-02-26T16:13:04.809Z","level":"info","message":"chat_stream_done","context":{"traceId":"a503b35b-e2bb-4a7f-b245-4f5e6de5121d","totalMs":72322,"ttftMs":71564}}
{"timestamp":"2026-02-26T16:13:04.809Z","level":"info","message":"perf_chat_request","context":{"traceId":"a503b35b-e2bb-4a7f-b245-4f5e6de5121d","chatId":"4810af68-f93b-47b0-8ca3-0687bc97774e","intent":"GENERAL","mode":"stream","retrievalMs":70764,"rerankMs":0,"generationMs":1539,"totalMs":72322,"chunkCandidates":12,"finalTopK":12,"uniqueSources":3,"heapUsedMBStart":80.8,"heapUsedMBEnd":100.5}}
[JobRunner] poll: pendingJobs=25, claimed=86249af4-4421-4a6c-8177-d319c71df1fb
[JobRunner] Concurrency limit reached for upload/undefined, requeueing job 86249af4-4421-4a6c-8177-d319c71df1fb
{"timestamp":"2026-02-26T16:13:08.045Z","level":"info","message":"chat_stream_start","context":{"traceId":"4fa2634d-0ddf-483d-829c-4bc9be993494","userId":"814db98c-a699-4a42-8f87-a0f1592b6f31"}}
[Retrieval] Searching corpus: workspaceId=default-workspace, userId=814db98c-a699-4a42-8f87-a0f1592b6f31, scopeId=none, demoMode=1, demoAllowlist=1, maxCandidates=200
[Retrieval] Found 274 total sources in workspace, filtering by visibility...
[Retrieval] Candidate stats: lexicalCandidates=0 maxCandidates=200 totalInScope=51 allowedSources=6
[Retrieval] Source-diversity backfill: routed 6 sources have 0 lexical hits, fetching directly
[Retrieval] Source-diversity backfill: found 51 chunks from routed sources
[RetrievalCoverage] intent=GENERAL_QA candidateTypes=[okr_doc,architecture_doc,roadmap_doc,jira_ticket,team_directory,meeting_notes] routedTypes=[okr_doc,architecture_doc,roadmap_doc,jira_ticket,team_directory,meeting_notes] routedSources=6/6
[Retrieval] Memory: heapUsed=217MB candidates=51 totalInScope=51
[RAG] workspaceId=default-workspace scopeId=null query="xyzqprgblf7491mnv zwkbj9432fvmqz nxkp8731bwj xlpqr" primaryRetrieved=8 topScore=0.259 usedFallback=true finalRetrieved=12 finalTopK=8 uniqueSources=3
[streaming] TTFT (general): 1033ms for request 4fa2634d-0ddf-483d-829c-4bc9be993494
{"timestamp":"2026-02-26T16:13:10.249Z","level":"info","message":"chat_latency","context":{"traceId":"4fa2634d-0ddf-483d-829c-4bc9be993494","retrievalMs":418,"generationMs":1738,"totalMs":2165,"intent":"GENERAL","ttftMs":1033}}
[enqueue] job=4e731f1f-f846-40af-9f20-5bb14eccaaf0 scope=null connector=null
[JobRunner] Enqueued job 4e731f1f-f846-40af-9f20-5bb14eccaaf0 (score_reply)
{"timestamp":"2026-02-26T16:13:10.276Z","level":"info","message":"chat_stream_done","context":{"traceId":"4fa2634d-0ddf-483d-829c-4bc9be993494","totalMs":2165,"ttftMs":1033}}
{"timestamp":"2026-02-26T16:13:10.276Z","level":"info","message":"perf_chat_request","context":{"traceId":"4fa2634d-0ddf-483d-829c-4bc9be993494","chatId":"36bf0d55-2d4a-4889-bf5d-d65c73f3ca54","intent":"GENERAL","mode":"stream","retrievalMs":418,"rerankMs":0,"generationMs":1738,"totalMs":2165,"chunkCandidates":12,"finalTopK":12,"uniqueSources":3,"heapUsedMBStart":101,"heapUsedMBEnd":221.5}}
11:13:10 AM [express] POST /api/chat/stream 200 in 2246ms
[JobRunner] poll: pendingJobs=26, claimed=ec04c6b5-27da-4323-b557-c9965b0f0b49
[JobRunner] Concurrency limit reached for upload/undefined, requeueing job ec04c6b5-27da-4323-b557-c9965b0f0b49
[JobRunner] poll: pendingJobs=26, claimed=1c79de8c-5d58-486e-8c4d-9a7f16ca6dab
[JobRunner] Concurrency limit reached for upload/undefined, requeueing job 1c79de8c-5d58-486e-8c4d-9a7f16ca6dab
{"timestamp":"2026-02-26T16:13:18.233Z","level":"info","message":"chat_stream_start","context":{"traceId":"6538f7b1-8243-4d66-9472-de3ae12ae394","userId":"814db98c-a699-4a42-8f87-a0f1592b6f31"}}
[Retrieval] Searching corpus: workspaceId=default-workspace, userId=814db98c-a699-4a42-8f87-a0f1592b6f31, scopeId=none, demoMode=1, demoAllowlist=1, maxCandidates=200
[Retrieval] Found 274 total sources in workspace, filtering by visibility...
[Retrieval] Candidate stats: lexicalCandidates=0 maxCandidates=200 totalInScope=51 allowedSources=6
[Retrieval] Source-diversity backfill: routed 6 sources have 0 lexical hits, fetching directly
[Retrieval] Source-diversity backfill: found 51 chunks from routed sources
[RetrievalCoverage] intent=GENERAL_QA candidateTypes=[okr_doc,architecture_doc,roadmap_doc,jira_ticket,team_directory,meeting_notes] routedTypes=[okr_doc,architecture_doc,roadmap_doc,jira_ticket,team_directory,meeting_notes] routedSources=6/6
[Retrieval] Memory: heapUsed=217MB candidates=51 totalInScope=51
[RAG] workspaceId=default-workspace scopeId=null query="xyzqprgblf7491mnv zwkbj9432fvmqz nxkp8731bwj xlpqr" primaryRetrieved=8 topScore=0.259 usedFallback=true finalRetrieved=12 finalTopK=8 uniqueSources=3
[streaming] TTFT (general): 1651ms for request 6538f7b1-8243-4d66-9472-de3ae12ae394
{"timestamp":"2026-02-26T16:13:20.787Z","level":"info","message":"chat_latency","context":{"traceId":"6538f7b1-8243-4d66-9472-de3ae12ae394","retrievalMs":402,"generationMs":2133,"totalMs":2545,"intent":"GENERAL","ttftMs":1651}}
[enqueue] job=2d9cd5e2-58cd-4ee0-83b3-887aac2ac3c4 scope=null connector=null
[JobRunner] Enqueued job 2d9cd5e2-58cd-4ee0-83b3-887aac2ac3c4 (score_reply)
{"timestamp":"2026-02-26T16:13:20.826Z","level":"info","message":"chat_stream_done","context":{"traceId":"6538f7b1-8243-4d66-9472-de3ae12ae394","totalMs":2545,"ttftMs":1651}}
{"timestamp":"2026-02-26T16:13:20.826Z","level":"info","message":"perf_chat_request","context":{"traceId":"6538f7b1-8243-4d66-9472-de3ae12ae394","chatId":"4c0a52a1-9849-42d2-9909-43de15d2c1ff","intent":"GENERAL","mode":"stream","retrievalMs":402,"rerankMs":0,"generationMs":2133,"totalMs":2545,"chunkCandidates":12,"finalTopK":12,"uniqueSources":3,"heapUsedMBStart":91.2,"heapUsedMBEnd":221.4}}
11:13:20 AM [express] POST /api/chat/stream 200 in 2597ms
[JobRunner] poll: pendingJobs=27, claimed=21b191bc-8ed0-45bb-a31c-4bd48f2b455e
[JobRunner] Concurrency limit reached for upload/undefined, requeueing job 21b191bc-8ed0-45bb-a31c-4bd48f2b455e
[JobRunner] poll: pendingJobs=27, claimed=2a5b5b2a-11b9-42da-bf1f-8320ee7abc4e
[JobRunner] Concurrency limit reached for upload/undefined, requeueing job 2a5b5b2a-11b9-42da-bf1f-8320ee7abc4e
[JobRunner] poll: pendingJobs=27, claimed=e2626b9b-38da-4a43-95df-0ec4bc4da616
[JobRunner] Concurrency limit reached for upload/undefined, requeueing job e2626b9b-38da-4a43-95df-0ec4bc4da616
[JobRunner] poll: pendingJobs=27, claimed=9fad1bc1-35ff-4fae-bac1-78a401d2f7bb
[JobRunner] Concurrency limit reached for upload/undefined, requeueing job 9fad1bc1-35ff-4fae-bac1-78a401d2f7bb
[JobRunner] poll: pendingJobs=27, claimed=6df0102d-82af-43f9-9758-e07b735b01e8
[JobRunner] Concurrency limit reached for upload/undefined, requeueing job 6df0102d-82af-43f9-9758-e07b735b01e8
[JobRunner] poll: pendingJobs=27, claimed=218819d5-b8d2-4a23-9fbe-e7096547c07e
[JobRunner] Concurrency limit reached for upload/undefined, requeueing job 218819d5-b8d2-4a23-9fbe-e7096547c07e
[JobRunner] poll: pendingJobs=27, claimed=b627b799-2b75-457c-93c1-390dc47719bf
[JobRunner] Concurrency limit reached for upload/undefined, requeueing job b627b799-2b75-457c-93c1-390dc47719bf
[JobRunner] poll: pendingJobs=27, claimed=219693ec-ef33-49cf-a0e2-956677cd303d
[JobRunner] Concurrency limit reached for upload/undefined, requeueing job 219693ec-ef33-49cf-a0e2-956677cd303d
[JobRunner] poll: pendingJobs=27, claimed=b0509b45-097b-4ba8-8945-58fb63491a9b
[JobRunner] Concurrency limit reached for upload/undefined, requeueing job b0509b45-097b-4ba8-8945-58fb63491a9b
[JobRunner] poll: pendingJobs=27, claimed=565b51f3-9bfc-45ea-8d16-05cd9df2da74
[JobRunner] Concurrency limit reached for upload/undefined, requeueing job 565b51f3-9bfc-45ea-8d16-05cd9df2da74
[JobRunner] poll: pendingJobs=27, claimed=39238e29-e6f3-4b41-b7de-79b00fb4e19a
[JobRunner] Concurrency limit reached for upload/undefined, requeueing job 39238e29-e6f3-4b41-b7de-79b00fb4e19a
[JobRunner] poll: pendingJobs=27, claimed=718c1357-fde4-420e-8dd2-af32a43a8445
[JobRunner] Concurrency limit reached for upload/undefined, requeueing job 718c1357-fde4-420e-8dd2-af32a43a8445
[JobRunner] poll: pendingJobs=27, claimed=746e3a06-d892-4254-a225-15d4117453b2
[JobRunner] Concurrency limit reached for upload/undefined, requeueing job 746e3a06-d892-4254-a225-15d4117453b2
[JobRunner] poll: pendingJobs=27, claimed=0906dbca-12de-4945-b3bb-cc0e4a983893
[JobRunner] Concurrency limit reached for upload/undefined, requeueing job 0906dbca-12de-4945-b3bb-cc0e4a983893
[JobRunner] poll: pendingJobs=27, claimed=221f0168-d76e-4647-9a38-9df0a36c0acd
[JobRunner] Concurrency limit reached for upload/undefined, requeueing job 221f0168-d76e-4647-9a38-9df0a36c0acd
[JobRunner] poll: pendingJobs=27, claimed=3ad0d388-5fee-4000-b78d-5c57eef4e1a8
[JobRunner] Concurrency limit reached for upload/undefined, requeueing job 3ad0d388-5fee-4000-b78d-5c57eef4e1a8
[JobRunner] poll: pendingJobs=27, claimed=02f7e7d8-8d37-4b66-a21a-54f8a4afd100
[JobRunner] Concurrency limit reached for upload/undefined, requeueing job 02f7e7d8-8d37-4b66-a21a-54f8a4afd100
[JobRunner] poll: pendingJobs=27, claimed=7c1a1b46-8794-4c3d-af92-59b0f7a3d52f
[JobRunner] Concurrency limit reached for upload/undefined, requeueing job 7c1a1b46-8794-4c3d-af92-59b0f7a3d52f
[JobRunner] poll: pendingJobs=27, claimed=32ae91dc-e62b-4bc1-8042-fe55b2385aff
[JobRunner] Concurrency limit reached for upload/undefined, requeueing job 32ae91dc-e62b-4bc1-8042-fe55b2385aff
[JobRunner] poll: pendingJobs=27, claimed=8050a871-267e-40f2-b1d6-7372b91b7cfd
[JobRunner] Concurrency limit reached for upload/undefined, requeueing job 8050a871-267e-40f2-b1d6-7372b91b7cfd
[JobRunner] poll: pendingJobs=27, claimed=203231e2-e767-4912-8ac1-84e9c34f1175
[JobRunner] Concurrency limit reached for upload/undefined, requeueing job 203231e2-e767-4912-8ac1-84e9c34f1175
[JobRunner] poll: pendingJobs=27, claimed=63417557-5cfa-4aa7-99a4-d2088604c092
[JobRunner] Concurrency limit reached for upload/undefined, requeueing job 63417557-5cfa-4aa7-99a4-d2088604c092
[JobRunner] poll: pendingJobs=27, claimed=50be0fac-131e-4e3e-95ba-57a11e6a075a
[JobRunner] Concurrency limit reached for upload/undefined, requeueing job 50be0fac-131e-4e3e-95ba-57a11e6a075a
[JobRunner] poll: pendingJobs=27, claimed=4e731f1f-f846-40af-9f20-5bb14eccaaf0
[JobRunner] Concurrency limit reached for upload/undefined, requeueing job 4e731f1f-f846-40af-9f20-5bb14eccaaf0
[JobRunner] poll: pendingJobs=27, claimed=86249af4-4421-4a6c-8177-d319c71df1fb
[JobRunner] Concurrency limit reached for upload/undefined, requeueing job 86249af4-4421-4a6c-8177-d319c71df1fb
[JobRunner] poll: pendingJobs=27, claimed=ec04c6b5-27da-4323-b557-c9965b0f0b49
[JobRunner] Concurrency limit reached for upload/undefined, requeueing job ec04c6b5-27da-4323-b557-c9965b0f0b49
[JobRunner] poll: pendingJobs=27, claimed=2d9cd5e2-58cd-4ee0-83b3-887aac2ac3c4
[JobRunner] Concurrency limit reached for upload/undefined, requeueing job 2d9cd5e2-58cd-4ee0-83b3-887aac2ac3c4
