
> rest-express@1.0.0 dev
> cross-env NODE_ENV=development tsx server/index.ts

[DB] Connecting to Postgres: localhost:5433/fieldcopilot_test
[STARTUP] Initializing database connection...
[DB-STATS] Total: 0, Idle: 0, Waiting: 0
[STARTUP] Database connection ready
[db] host=localhost port=5433 db=fieldcopilot_test user=postgres
[STARTUP] Registering routes...
[STARTUP] Connector Registry Loaded. Allowed Canonical Types: [google, atlassian, slack, upload, voice]
[STARTUP] Background initialization of vector store starting...
[STARTUP] Skipping voice WebSocket server in development (set ENABLE_VOICE_WS_IN_DEV=1 to enable)
[STARTUP] All routes registered successfully
[STARTUP] Routes registered
[STARTUP] Setting up Vite dev server...
[STARTUP-BG] Found 5000 bounded active chunks. Initializing vector store...
[vectorstore] Initializing with 5000 chunks...
[vectorstore] Eager warm limited to 1200/5000 chunks (set RETRIEVAL_EAGER_WARM_LIMIT to tune).
[vectorstore] Found 1200 chunks to index. Starting background process...
[vectorstore] Starting indexing of 1200 chunks...
[vectorstore] Generating embeddings for 50 chunks in this batch... (This may take a while for the first run)
[STARTUP-BG] Vector store initialization complete
[Vite] Starting Vite setup...
[Vite] Resolving Vite config...
[Vite Config] Starting Vite config resolution...
[Vite Config] Vite config resolved
[Vite] Vite config resolved successfully
[Vite] Creating Vite server instance...
[Vite] Vite server instance created
[Vite] Vite server created, setting up middleware...
[Vite] Setting up catch-all route handler...
[Vite] Vite setup complete
[STARTUP] Vite dev server ready
[uncaughtException] Error: listen EADDRINUSE: address already in use 127.0.0.1:5000
    at Server.setupListenHandle [as _listen2] (node:net:1940:16)
    at listenInCluster (node:net:1997:12)
    at node:net:2206:7
    at process.processTicksAndRejections (node:internal/process/task_queues:90:21) {
  code: 'EADDRINUSE',
  errno: -4091,
  syscall: 'listen',
  address: '127.0.0.1',
  port: 5000
}
[vectorstore] Indexed 500/1200 chunks...
[vectorstore] Indexed 1000/1200 chunks...
[vectorstore] Memory: heapUsed=91MB
[vectorstore] Indexed 1200/1200 chunks...
[vectorstore] Indexing complete. vectorStore.size=1200
[vectorstore] Sample stored IDs: ["9ddc4336-b9af-446e-8bb5-89a514218cc6","d50a9249-c258-472c-85f6-47323b778bff","fce0052d-fedd-4b24-b8e0-8cd78b17b005"]
